2025.12.22 20:35:20 INFO  Started: Metals version 1.6.4 in folders 'C:\Users\DezerTear\Desktop\uni\progtech' for client Visual Studio Code 1.107.1.
2025.12.22 20:35:20 WARN  Using H2 2.4.240 which is newer than the version Flyway has been verified with. The latest verified version of H2 is 2.3.232.
2025.12.22 20:35:34 INFO  Running List(C:\Users\DezerTear\AppData\Local\Coursier\data\bin\scala-cli.BAT, setup-ide, C:\Users\DezerTear\Desktop\uni\progtech)
2025.12.22 20:35:34 INFO  Attempting to connect to the build server...
2025.12.22 20:35:34 INFO  Running BSP server List(C:\Users\DezerTear\AppData\Local\Coursier\data\bin\.scala-cli.aux.exe, bsp, --json-options, C:\Users\DezerTear\Desktop\uni\progtech\.scala-build\ide-options-v2.json, --json-launcher-options, C:\Users\DezerTear\Desktop\uni\progtech\.scala-build\ide-launcher-options.json, --envs-file, C:\Users\DezerTear\Desktop\uni\progtech\.scala-build\ide-envs.json, C:\Users\DezerTear\Desktop\uni\progtech)
2025.12.22 20:35:34 INFO  tracing is disabled for protocol BSP, to enable tracing of incoming and outgoing JSON messages create an empty file at C:\Users\DezerTear\Desktop\uni\progtech\.metals\bsp.trace.json or C:\Users\DezerTear\AppData\Local\scalameta\metals\cache\bsp.trace.json
2025.12.22 20:35:41 INFO  BSP server: Exception in thread "subprocess-shutdown-hook-monitor" java.io.IOException: Cannot run program "C:\Program Files\Eclipse Adoptium\jdk-11.0.29.7-hotspot\jdk-25\bin\java.exe" (in directory "C:\Users\DezerTear\Desktop\uni\progtech"): CreateProcess error=2, –ù–µ —É–¥–∞–µ—Ç—Å—è –Ω–∞–π—Ç–∏ —É–∫–∞–∑–∞–Ω–Ω—ã–π —Ñ–∞–π–ª
2025.12.22 20:35:41 INFO  BSP server: 	at java.base@17.0.6/java.lang.ProcessBuilder.start(ProcessBuilder.java:1143)
2025.12.22 20:35:41 INFO  BSP server: 	at java.base@17.0.6/java.lang.ProcessBuilder.start(ProcessBuilder.java:1073)
2025.12.22 20:35:41 INFO  BSP server: 	at os.proc.proc$lzyINIT1$1(ProcessOps.scala:345)
2025.12.22 20:35:41 INFO  BSP server: 	at os.proc.os$proc$$_$proc$1(ProcessOps.scala:351)
2025.12.22 20:35:41 INFO  BSP server: 	at os.proc$$anon$2.run(ProcessOps.scala:335)
2025.12.22 20:35:41 INFO  BSP server: 	at com.oracle.svm.core.thread.PlatformThreads.threadStartRoutine(PlatformThreads.java:775)
2025.12.22 20:35:41 INFO  BSP server: 	at com.oracle.svm.core.windows.WindowsPlatformThreads.osThreadStartRoutine(WindowsPlatformThreads.java:178)
2025.12.22 20:35:41 INFO  BSP server: Caused by: java.io.IOException: CreateProcess error=2, –ù–µ —É–¥–∞–µ—Ç—Å—è –Ω–∞–π—Ç–∏ —É–∫–∞–∑–∞–Ω–Ω—ã–π —Ñ–∞–π–ª
2025.12.22 20:35:41 INFO  BSP server: 	at com.oracle.svm.core.jni.functions.JNIFunctions$NewObjectWithObjectArrayArgFunctionPointer.invoke(JNIFunctions.java)
2025.12.22 20:35:41 INFO  BSP server: 	at com.oracle.svm.core.jni.functions.JNIFunctions.ThrowNew(JNIFunctions.java:882)
2025.12.22 20:35:41 INFO  BSP server: 	at java.base@17.0.6/java.lang.ProcessImpl.create(ProcessImpl.java)
2025.12.22 20:35:41 INFO  BSP server: 	at java.base@17.0.6/java.lang.ProcessImpl.<init>(ProcessImpl.java:499)
2025.12.22 20:35:41 INFO  BSP server: 	at java.base@17.0.6/java.lang.ProcessImpl.start(ProcessImpl.java:158)
2025.12.22 20:35:41 INFO  BSP server: 	at java.base@17.0.6/java.lang.ProcessBuilder.start(ProcessBuilder.java:1110)
2025.12.22 20:35:41 INFO  BSP server: 	... 6 more
2025.12.22 20:35:41 INFO  BSP server: Error: java.io.IOException: Cannot run program "C:\Program Files\Eclipse Adoptium\jdk-11.0.29.7-hotspot\jdk-25\bin\java.exe" (in directory "C:\Users\DezerTear\Desktop\uni\progtech"): CreateProcess error=2, –ù–µ —É–¥–∞–µ—Ç—Å—è –Ω–∞–π—Ç–∏ —É–∫–∞–∑–∞–Ω–Ω—ã–π —Ñ–∞–π–ª
2025.12.22 20:35:41 INFO  BSP server: For more details, please see 'C:\Users\DezerTear\Desktop\uni\progtech\.scala-build\stacktraces\1766424941-13680054279589468342.log'
2025.12.22 20:35:41 INFO  BSP server: Exception in thread "subprocess-shutdown-hook" java.io.IOException: Cannot run program "C:\Program Files\Eclipse Adoptium\jdk-11.0.29.7-hotspot\jdk-25\bin\java.exe" (in directory "C:\Users\DezerTear\Desktop\uni\progtech"): CreateProcess error=2, –ù–µ —É–¥–∞–µ—Ç—Å—è –Ω–∞–π—Ç–∏ —É–∫–∞–∑–∞–Ω–Ω—ã–π —Ñ–∞–π–ª
2025.12.22 20:35:41 INFO  BSP server: 	at java.base@17.0.6/java.lang.ProcessBuilder.start(ProcessBuilder.java:1143)
2025.12.22 20:35:41 INFO  BSP server: 	at java.base@17.0.6/java.lang.ProcessBuilder.start(ProcessBuilder.java:1073)
2025.12.22 20:35:41 INFO  BSP server: 	at os.proc.proc$lzyINIT1$1(ProcessOps.scala:345)
2025.12.22 20:35:41 INFO  BSP server: 	at os.proc.os$proc$$_$proc$1(ProcessOps.scala:351)
2025.12.22 20:35:41 INFO  BSP server: 	at os.proc$$anon$1.run(ProcessOps.scala:329)
2025.12.22 20:35:41 INFO  BSP server: 	at com.oracle.svm.core.thread.PlatformThreads.threadStartRoutine(PlatformThreads.java:775)
2025.12.22 20:35:41 INFO  BSP server: 	at com.oracle.svm.core.windows.WindowsPlatformThreads.osThreadStartRoutine(WindowsPlatformThreads.java:178)
2025.12.22 20:35:41 INFO  BSP server: Caused by: java.io.IOException: CreateProcess error=2, –ù–µ —É–¥–∞–µ—Ç—Å—è –Ω–∞–π—Ç–∏ —É–∫–∞–∑–∞–Ω–Ω—ã–π —Ñ–∞–π–ª
2025.12.22 20:35:41 INFO  BSP server: 	at com.oracle.svm.core.jni.functions.JNIFunctions$NewObjectWithObjectArrayArgFunctionPointer.invoke(JNIFunctions.java)
2025.12.22 20:35:41 INFO  BSP server: 	at com.oracle.svm.core.jni.functions.JNIFunctions.ThrowNew(JNIFunctions.java:882)
2025.12.22 20:35:41 INFO  BSP server: 	at java.base@17.0.6/java.lang.ProcessImpl.create(ProcessImpl.java)
2025.12.22 20:35:41 INFO  BSP server: 	at java.base@17.0.6/java.lang.ProcessImpl.<init>(ProcessImpl.java:499)
2025.12.22 20:35:41 INFO  BSP server: 	at java.base@17.0.6/java.lang.ProcessImpl.start(ProcessImpl.java:158)
2025.12.22 20:35:41 INFO  BSP server: 	at java.base@17.0.6/java.lang.ProcessBuilder.start(ProcessBuilder.java:1110)
2025.12.22 20:35:41 INFO  BSP server: 	... 6 more
‰ÂÍ. 22, 2025 8:35:43 PM org.eclipse.lsp4j.jsonrpc.services.GenericEndpoint notify
INFO: Unsupported notification method: $/setTrace
‰ÂÍ. 22, 2025 8:35:49 PM org.eclipse.lsp4j.jsonrpc.services.GenericEndpoint notify
INFO: Unsupported notification method: $/setTrace
2025.12.22 20:35:52 WARN  no build target for: C:\Users\DezerTear\Desktop\uni\progtech\spark-project\src\main\scala\build.sbt
2025.12.22 20:35:52 INFO  no build target found for C:\Users\DezerTear\Desktop\uni\progtech\spark-project\src\main\scala\build.sbt. Using presentation compiler with project's scala-library version: 3.3.6
2025.12.22 20:36:02 INFO  no build target found for C:\Users\DezerTear\Desktop\uni\progtech\spark-project\src\main\scala\build.sbt. Using presentation compiler with project's scala-library version: 3.3.6
‰ÂÍ. 22, 2025 8:36:02 PM org.eclipse.lsp4j.jsonrpc.RemoteEndpoint handleCancellation
WARNING: Unmatched cancel notification for request id 3
2025.12.22 20:36:02 WARN  Could not find semantic tokens for: file:///C:/Users/DezerTear/Desktop/uni/progtech/spark-project/src/main/scala/build.sbt
2025.12.22 20:36:11 INFO  no build target found for C:\Users\DezerTear\Desktop\uni\progtech\spark-project\src\main\scala\build.sbt. Using presentation compiler with project's scala-library version: 3.3.6
2025.12.22 20:36:13 WARN  no build target for: C:\Users\DezerTear\Desktop\uni\progtech\spark-project\src\main\scala\build.sbt
2025.12.22 20:36:13 INFO  no build target found for C:\Users\DezerTear\Desktop\uni\progtech\spark-project\src\main\scala\build.sbt. Using presentation compiler with project's scala-library version: 3.3.6
2025.12.22 20:36:13 WARN  Could not find semantic tokens for: file:///C:/Users/DezerTear/Desktop/uni/progtech/spark-project/src/main/scala/build.sbt
2025.12.22 20:36:15 INFO  no build target found for C:\Users\DezerTear\Desktop\uni\progtech\spark-project\src\main\scala\build.sbt. Using presentation compiler with project's scala-library version: 3.3.6
2025.12.22 20:36:15 INFO  no build target found for C:\Users\DezerTear\Desktop\uni\progtech\spark-project\src\main\scala\build.sbt. Using presentation compiler with project's scala-library version: 3.3.6
2025.12.22 20:36:17 INFO  no build target found for C:\Users\DezerTear\Desktop\uni\progtech\spark-project\src\main\scala\build.sbt. Using presentation compiler with project's scala-library version: 3.3.6
2025.12.22 20:36:17 WARN  Could not find semantic tokens for: file:///C:/Users/DezerTear/Desktop/uni/progtech/spark-project/src/main/scala/build.sbt
2025.12.22 20:36:17 WARN  no build target for: C:\Users\DezerTear\Desktop\uni\progtech\spark-project\src\main\scala\build.sbt
2025.12.22 20:36:17 INFO  no build target found for C:\Users\DezerTear\Desktop\uni\progtech\spark-project\src\main\scala\build.sbt. Using presentation compiler with project's scala-library version: 3.3.6
2025.12.22 20:36:17 INFO  no build target found for C:\Users\DezerTear\Desktop\uni\progtech\spark-project\src\main\scala\build.sbt. Using presentation compiler with project's scala-library version: 3.3.6
2025.12.22 20:36:17 WARN  Could not find semantic tokens for: file:///C:/Users/DezerTear/Desktop/uni/progtech/spark-project/src/main/scala/build.sbt
‰ÂÍ. 22, 2025 8:36:18 PM org.eclipse.lsp4j.jsonrpc.services.GenericEndpoint notify
INFO: Unsupported notification method: $/setTrace
2025.12.22 20:36:18 INFO  no build target found for C:\Users\DezerTear\Desktop\uni\progtech\spark-project\src\main\scala\build.sbt. Using presentation compiler with project's scala-library version: 3.3.6
2025.12.22 20:36:18 INFO  no build target found for C:\Users\DezerTear\Desktop\uni\progtech\spark-project\src\main\scala\build.sbt. Using presentation compiler with project's scala-library version: 3.3.6
2025.12.22 20:36:20 INFO  no build target found for C:\Users\DezerTear\Desktop\uni\progtech\spark-project\src\main\scala\build.sbt. Using presentation compiler with project's scala-library version: 3.3.6
2025.12.22 20:36:20 WARN  Could not find semantic tokens for: file:///C:/Users/DezerTear/Desktop/uni/progtech/spark-project/src/main/scala/build.sbt
2025.12.22 20:36:20 WARN  no build target for: C:\Users\DezerTear\Desktop\uni\progtech\spark-project\src\main\scala\build.sbt
2025.12.22 20:36:20 INFO  no build target found for C:\Users\DezerTear\Desktop\uni\progtech\spark-project\src\main\scala\build.sbt. Using presentation compiler with project's scala-library version: 3.3.6
2025.12.22 20:36:20 WARN  Could not find semantic tokens for: file:///C:/Users/DezerTear/Desktop/uni/progtech/spark-project/src/main/scala/build.sbt
2025.12.22 20:36:34 ERROR Timeout waiting for 'build/initialize' response
2025.12.22 20:36:34 WARN  Retrying connection to the build server scala-cli
2025.12.22 20:36:34 INFO  Running BSP server List(C:\Users\DezerTear\AppData\Local\Coursier\data\bin\.scala-cli.aux.exe, bsp, --json-options, C:\Users\DezerTear\Desktop\uni\progtech\.scala-build\ide-options-v2.json, --json-launcher-options, C:\Users\DezerTear\Desktop\uni\progtech\.scala-build\ide-launcher-options.json, --envs-file, C:\Users\DezerTear\Desktop\uni\progtech\.scala-build\ide-envs.json, C:\Users\DezerTear\Desktop\uni\progtech)
2025.12.22 20:36:34 INFO  tracing is disabled for protocol BSP, to enable tracing of incoming and outgoing JSON messages create an empty file at C:\Users\DezerTear\Desktop\uni\progtech\.metals\bsp.trace.json or C:\Users\DezerTear\AppData\Local\scalameta\metals\cache\bsp.trace.json
2025.12.22 20:36:36 INFO  BSP server: Exception in thread "subprocess-shutdown-hook-monitor" java.io.IOException: Cannot run program "C:\Program Files\Eclipse Adoptium\jdk-11.0.29.7-hotspot\jdk-25\bin\java.exe" (in directory "C:\Users\DezerTear\Desktop\uni\progtech"): CreateProcess error=2, –ù–µ —É–¥–∞–µ—Ç—Å—è –Ω–∞–π—Ç–∏ —É–∫–∞–∑–∞–Ω–Ω—ã–π —Ñ–∞–π–ª
2025.12.22 20:36:36 INFO  BSP server: 	at java.base@17.0.6/java.lang.ProcessBuilder.start(ProcessBuilder.java:1143)
2025.12.22 20:36:36 INFO  BSP server: 	at java.base@17.0.6/java.lang.ProcessBuilder.start(ProcessBuilder.java:1073)
2025.12.22 20:36:36 INFO  BSP server: 	at os.proc.proc$lzyINIT1$1(ProcessOps.scala:345)
2025.12.22 20:36:36 INFO  BSP server: 	at os.proc.os$proc$$_$proc$1(ProcessOps.scala:351)
2025.12.22 20:36:36 INFO  BSP server: 	at os.proc$$anon$2.run(ProcessOps.scala:335)
2025.12.22 20:36:36 INFO  BSP server: 	at com.oracle.svm.core.thread.PlatformThreads.threadStartRoutine(PlatformThreads.java:775)
2025.12.22 20:36:36 INFO  BSP server: 	at com.oracle.svm.core.windows.WindowsPlatformThreads.osThreadStartRoutine(WindowsPlatformThreads.java:178)
2025.12.22 20:36:36 INFO  BSP server: Caused by: java.io.IOException: CreateProcess error=2, –ù–µ —É–¥–∞–µ—Ç—Å—è –Ω–∞–π—Ç–∏ —É–∫–∞–∑–∞–Ω–Ω—ã–π —Ñ–∞–π–ª
2025.12.22 20:36:36 INFO  BSP server: 	at com.oracle.svm.core.jni.functions.JNIFunctions$NewObjectWithObjectArrayArgFunctionPointer.invoke(JNIFunctions.java)
2025.12.22 20:36:36 INFO  BSP server: 	at com.oracle.svm.core.jni.functions.JNIFunctions.ThrowNew(JNIFunctions.java:882)
2025.12.22 20:36:36 INFO  BSP server: 	at java.base@17.0.6/java.lang.ProcessImpl.create(ProcessImpl.java)
2025.12.22 20:36:36 INFO  BSP server: 	at java.base@17.0.6/java.lang.ProcessImpl.<init>(ProcessImpl.java:499)
2025.12.22 20:36:36 INFO  BSP server: 	at java.base@17.0.6/java.lang.ProcessImpl.start(ProcessImpl.java:158)
2025.12.22 20:36:36 INFO  BSP server: 	at java.base@17.0.6/java.lang.ProcessBuilder.start(ProcessBuilder.java:1110)
2025.12.22 20:36:36 INFO  BSP server: 	... 6 more
2025.12.22 20:36:36 INFO  BSP server: Error: java.io.IOException: Cannot run program "C:\Program Files\Eclipse Adoptium\jdk-11.0.29.7-hotspot\jdk-25\bin\java.exe" (in directory "C:\Users\DezerTear\Desktop\uni\progtech"): CreateProcess error=2, –ù–µ —É–¥–∞–µ—Ç—Å—è –Ω–∞–π—Ç–∏ —É–∫–∞–∑–∞–Ω–Ω—ã–π —Ñ–∞–π–ª
2025.12.22 20:36:36 INFO  BSP server: For more details, please see 'C:\Users\DezerTear\Desktop\uni\progtech\.scala-build\stacktraces\1766424996-2909120800181964448.log'
2025.12.22 20:36:36 INFO  BSP server: Exception in thread "subprocess-shutdown-hook" java.io.IOException: Cannot run program "C:\Program Files\Eclipse Adoptium\jdk-11.0.29.7-hotspot\jdk-25\bin\java.exe" (in directory "C:\Users\DezerTear\Desktop\uni\progtech"): CreateProcess error=2, –ù–µ —É–¥–∞–µ—Ç—Å—è –Ω–∞–π—Ç–∏ —É–∫–∞–∑–∞–Ω–Ω—ã–π —Ñ–∞–π–ª
2025.12.22 20:36:36 INFO  BSP server: 	at java.base@17.0.6/java.lang.ProcessBuilder.start(ProcessBuilder.java:1143)
2025.12.22 20:36:36 INFO  BSP server: 	at java.base@17.0.6/java.lang.ProcessBuilder.start(ProcessBuilder.java:1073)
2025.12.22 20:36:36 INFO  BSP server: 	at os.proc.proc$lzyINIT1$1(ProcessOps.scala:345)
2025.12.22 20:36:36 INFO  BSP server: 	at os.proc.os$proc$$_$proc$1(ProcessOps.scala:351)
2025.12.22 20:36:36 INFO  BSP server: 	at os.proc$$anon$1.run(ProcessOps.scala:329)
2025.12.22 20:36:36 INFO  BSP server: 	at com.oracle.svm.core.thread.PlatformThreads.threadStartRoutine(PlatformThreads.java:775)
2025.12.22 20:36:36 INFO  BSP server: 	at com.oracle.svm.core.windows.WindowsPlatformThreads.osThreadStartRoutine(WindowsPlatformThreads.java:178)
2025.12.22 20:36:36 INFO  BSP server: Caused by: java.io.IOException: CreateProcess error=2, –ù–µ —É–¥–∞–µ—Ç—Å—è –Ω–∞–π—Ç–∏ —É–∫–∞–∑–∞–Ω–Ω—ã–π —Ñ–∞–π–ª
2025.12.22 20:36:36 INFO  BSP server: 	at com.oracle.svm.core.jni.functions.JNIFunctions$NewObjectWithObjectArrayArgFunctionPointer.invoke(JNIFunctions.java)
2025.12.22 20:36:36 INFO  BSP server: 	at com.oracle.svm.core.jni.functions.JNIFunctions.ThrowNew(JNIFunctions.java:882)
2025.12.22 20:36:36 INFO  BSP server: 	at java.base@17.0.6/java.lang.ProcessImpl.create(ProcessImpl.java)
2025.12.22 20:36:36 INFO  BSP server: 	at java.base@17.0.6/java.lang.ProcessImpl.<init>(ProcessImpl.java:499)
2025.12.22 20:36:36 INFO  BSP server: 	at java.base@17.0.6/java.lang.ProcessImpl.start(ProcessImpl.java:158)
2025.12.22 20:36:36 INFO  BSP server: 	at java.base@17.0.6/java.lang.ProcessBuilder.start(ProcessBuilder.java:1110)
2025.12.22 20:36:36 INFO  BSP server: 	... 6 more
2025.12.22 20:37:34 ERROR Timeout waiting for 'build/initialize' response
2025.12.22 20:37:34 WARN  Retrying connection to the build server scala-cli
2025.12.22 20:37:34 INFO  Running BSP server List(C:\Users\DezerTear\AppData\Local\Coursier\data\bin\.scala-cli.aux.exe, bsp, --json-options, C:\Users\DezerTear\Desktop\uni\progtech\.scala-build\ide-options-v2.json, --json-launcher-options, C:\Users\DezerTear\Desktop\uni\progtech\.scala-build\ide-launcher-options.json, --envs-file, C:\Users\DezerTear\Desktop\uni\progtech\.scala-build\ide-envs.json, C:\Users\DezerTear\Desktop\uni\progtech)
2025.12.22 20:37:34 INFO  tracing is disabled for protocol BSP, to enable tracing of incoming and outgoing JSON messages create an empty file at C:\Users\DezerTear\Desktop\uni\progtech\.metals\bsp.trace.json or C:\Users\DezerTear\AppData\Local\scalameta\metals\cache\bsp.trace.json
2025.12.22 20:37:36 INFO  BSP server: Exception in thread "subprocess-shutdown-hook-monitor" java.io.IOException: Cannot run program "C:\Program Files\Eclipse Adoptium\jdk-11.0.29.7-hotspot\jdk-25\bin\java.exe" (in directory "C:\Users\DezerTear\Desktop\uni\progtech"): CreateProcess error=2, –ù–µ —É–¥–∞–µ—Ç—Å—è –Ω–∞–π—Ç–∏ —É–∫–∞–∑–∞–Ω–Ω—ã–π —Ñ–∞–π–ª
2025.12.22 20:37:36 INFO  BSP server: 	at java.base@17.0.6/java.lang.ProcessBuilder.start(ProcessBuilder.java:1143)
2025.12.22 20:37:36 INFO  BSP server: 	at java.base@17.0.6/java.lang.ProcessBuilder.start(ProcessBuilder.java:1073)
2025.12.22 20:37:36 INFO  BSP server: 	at os.proc.proc$lzyINIT1$1(ProcessOps.scala:345)
2025.12.22 20:37:36 INFO  BSP server: 	at os.proc.os$proc$$_$proc$1(ProcessOps.scala:351)
2025.12.22 20:37:36 INFO  BSP server: 	at os.proc$$anon$2.run(ProcessOps.scala:335)
2025.12.22 20:37:36 INFO  BSP server: 	at com.oracle.svm.core.thread.PlatformThreads.threadStartRoutine(PlatformThreads.java:775)
2025.12.22 20:37:36 INFO  BSP server: 	at com.oracle.svm.core.windows.WindowsPlatformThreads.osThreadStartRoutine(WindowsPlatformThreads.java:178)
2025.12.22 20:37:36 INFO  BSP server: Caused by: java.io.IOException: CreateProcess error=2, –ù–µ —É–¥–∞–µ—Ç—Å—è –Ω–∞–π—Ç–∏ —É–∫–∞–∑–∞–Ω–Ω—ã–π —Ñ–∞–π–ª
2025.12.22 20:37:36 INFO  BSP server: 	at com.oracle.svm.core.jni.functions.JNIFunctions$NewObjectWithObjectArrayArgFunctionPointer.invoke(JNIFunctions.java)
2025.12.22 20:37:36 INFO  BSP server: 	at com.oracle.svm.core.jni.functions.JNIFunctions.ThrowNew(JNIFunctions.java:882)
2025.12.22 20:37:36 INFO  BSP server: 	at java.base@17.0.6/java.lang.ProcessImpl.create(ProcessImpl.java)
2025.12.22 20:37:36 INFO  BSP server: 	at java.base@17.0.6/java.lang.ProcessImpl.<init>(ProcessImpl.java:499)
2025.12.22 20:37:36 INFO  BSP server: 	at java.base@17.0.6/java.lang.ProcessImpl.start(ProcessImpl.java:158)
2025.12.22 20:37:36 INFO  BSP server: 	at java.base@17.0.6/java.lang.ProcessBuilder.start(ProcessBuilder.java:1110)
2025.12.22 20:37:36 INFO  BSP server: 	... 6 more
2025.12.22 20:37:36 INFO  BSP server: Error: java.io.IOException: Cannot run program "C:\Program Files\Eclipse Adoptium\jdk-11.0.29.7-hotspot\jdk-25\bin\java.exe" (in directory "C:\Users\DezerTear\Desktop\uni\progtech"): CreateProcess error=2, –ù–µ —É–¥–∞–µ—Ç—Å—è –Ω–∞–π—Ç–∏ —É–∫–∞–∑–∞–Ω–Ω—ã–π —Ñ–∞–π–ª
2025.12.22 20:37:36 INFO  BSP server: For more details, please see 'C:\Users\DezerTear\Desktop\uni\progtech\.scala-build\stacktraces\1766425056-8042771222516510752.log'
2025.12.22 20:37:36 INFO  BSP server: Exception in thread "subprocess-shutdown-hook" java.io.IOException: Cannot run program "C:\Program Files\Eclipse Adoptium\jdk-11.0.29.7-hotspot\jdk-25\bin\java.exe" (in directory "C:\Users\DezerTear\Desktop\uni\progtech"): CreateProcess error=2, –ù–µ —É–¥–∞–µ—Ç—Å—è –Ω–∞–π—Ç–∏ —É–∫–∞–∑–∞–Ω–Ω—ã–π —Ñ–∞–π–ª
2025.12.22 20:37:36 INFO  BSP server: 	at java.base@17.0.6/java.lang.ProcessBuilder.start(ProcessBuilder.java:1143)
2025.12.22 20:37:36 INFO  BSP server: 	at java.base@17.0.6/java.lang.ProcessBuilder.start(ProcessBuilder.java:1073)
2025.12.22 20:37:36 INFO  BSP server: 	at os.proc.proc$lzyINIT1$1(ProcessOps.scala:345)
2025.12.22 20:37:36 INFO  BSP server: 	at os.proc.os$proc$$_$proc$1(ProcessOps.scala:351)
2025.12.22 20:37:36 INFO  BSP server: 	at os.proc$$anon$1.run(ProcessOps.scala:329)
2025.12.22 20:37:36 INFO  BSP server: 	at com.oracle.svm.core.thread.PlatformThreads.threadStartRoutine(PlatformThreads.java:775)
2025.12.22 20:37:36 INFO  BSP server: 	at com.oracle.svm.core.windows.WindowsPlatformThreads.osThreadStartRoutine(WindowsPlatformThreads.java:178)
2025.12.22 20:37:36 INFO  BSP server: Caused by: java.io.IOException: CreateProcess error=2, –ù–µ —É–¥–∞–µ—Ç—Å—è –Ω–∞–π—Ç–∏ —É–∫–∞–∑–∞–Ω–Ω—ã–π —Ñ–∞–π–ª
2025.12.22 20:37:36 INFO  BSP server: 	at com.oracle.svm.core.jni.functions.JNIFunctions$NewObjectWithObjectArrayArgFunctionPointer.invoke(JNIFunctions.java)
2025.12.22 20:37:36 INFO  BSP server: 	at com.oracle.svm.core.jni.functions.JNIFunctions.ThrowNew(JNIFunctions.java:882)
2025.12.22 20:37:36 INFO  BSP server: 	at java.base@17.0.6/java.lang.ProcessImpl.create(ProcessImpl.java)
2025.12.22 20:37:36 INFO  BSP server: 	at java.base@17.0.6/java.lang.ProcessImpl.<init>(ProcessImpl.java:499)
2025.12.22 20:37:36 INFO  BSP server: 	at java.base@17.0.6/java.lang.ProcessImpl.start(ProcessImpl.java:158)
2025.12.22 20:37:36 INFO  BSP server: 	at java.base@17.0.6/java.lang.ProcessBuilder.start(ProcessBuilder.java:1110)
2025.12.22 20:37:36 INFO  BSP server: 	... 6 more
2025.12.22 20:38:34 ERROR Timeout waiting for 'build/initialize' response
2025.12.22 20:38:34 WARN  Retrying connection to the build server scala-cli
2025.12.22 20:38:34 INFO  Running BSP server List(C:\Users\DezerTear\AppData\Local\Coursier\data\bin\.scala-cli.aux.exe, bsp, --json-options, C:\Users\DezerTear\Desktop\uni\progtech\.scala-build\ide-options-v2.json, --json-launcher-options, C:\Users\DezerTear\Desktop\uni\progtech\.scala-build\ide-launcher-options.json, --envs-file, C:\Users\DezerTear\Desktop\uni\progtech\.scala-build\ide-envs.json, C:\Users\DezerTear\Desktop\uni\progtech)
2025.12.22 20:38:34 INFO  tracing is disabled for protocol BSP, to enable tracing of incoming and outgoing JSON messages create an empty file at C:\Users\DezerTear\Desktop\uni\progtech\.metals\bsp.trace.json or C:\Users\DezerTear\AppData\Local\scalameta\metals\cache\bsp.trace.json
2025.12.22 20:38:36 INFO  BSP server: Exception in thread "subprocess-shutdown-hook-monitor" java.io.IOException: Cannot run program "C:\Program Files\Eclipse Adoptium\jdk-11.0.29.7-hotspot\jdk-25\bin\java.exe" (in directory "C:\Users\DezerTear\Desktop\uni\progtech"): CreateProcess error=2, –ù–µ —É–¥–∞–µ—Ç—Å—è –Ω–∞–π—Ç–∏ —É–∫–∞–∑–∞–Ω–Ω—ã–π —Ñ–∞–π–ª
2025.12.22 20:38:36 INFO  BSP server: 	at java.base@17.0.6/java.lang.ProcessBuilder.start(ProcessBuilder.java:1143)
2025.12.22 20:38:36 INFO  BSP server: 	at java.base@17.0.6/java.lang.ProcessBuilder.start(ProcessBuilder.java:1073)
2025.12.22 20:38:36 INFO  BSP server: 	at os.proc.proc$lzyINIT1$1(ProcessOps.scala:345)
2025.12.22 20:38:36 INFO  BSP server: 	at os.proc.os$proc$$_$proc$1(ProcessOps.scala:351)
2025.12.22 20:38:36 INFO  BSP server: 	at os.proc$$anon$2.run(ProcessOps.scala:335)
2025.12.22 20:38:36 INFO  BSP server: 	at com.oracle.svm.core.thread.PlatformThreads.threadStartRoutine(PlatformThreads.java:775)
2025.12.22 20:38:36 INFO  BSP server: 	at com.oracle.svm.core.windows.WindowsPlatformThreads.osThreadStartRoutine(WindowsPlatformThreads.java:178)
2025.12.22 20:38:36 INFO  BSP server: Caused by: java.io.IOException: CreateProcess error=2, –ù–µ —É–¥–∞–µ—Ç—Å—è –Ω–∞–π—Ç–∏ —É–∫–∞–∑–∞–Ω–Ω—ã–π —Ñ–∞–π–ª
2025.12.22 20:38:36 INFO  BSP server: 	at com.oracle.svm.core.jni.functions.JNIFunctions$NewObjectWithObjectArrayArgFunctionPointer.invoke(JNIFunctions.java)
2025.12.22 20:38:36 INFO  BSP server: 	at com.oracle.svm.core.jni.functions.JNIFunctions.ThrowNew(JNIFunctions.java:882)
2025.12.22 20:38:36 INFO  BSP server: 	at java.base@17.0.6/java.lang.ProcessImpl.create(ProcessImpl.java)
2025.12.22 20:38:36 INFO  BSP server: 	at java.base@17.0.6/java.lang.ProcessImpl.<init>(ProcessImpl.java:499)
2025.12.22 20:38:36 INFO  BSP server: 	at java.base@17.0.6/java.lang.ProcessImpl.start(ProcessImpl.java:158)
2025.12.22 20:38:36 INFO  BSP server: 	at java.base@17.0.6/java.lang.ProcessBuilder.start(ProcessBuilder.java:1110)
2025.12.22 20:38:36 INFO  BSP server: 	... 6 more
2025.12.22 20:38:36 INFO  BSP server: Error: java.io.IOException: Cannot run program "C:\Program Files\Eclipse Adoptium\jdk-11.0.29.7-hotspot\jdk-25\bin\java.exe" (in directory "C:\Users\DezerTear\Desktop\uni\progtech"): CreateProcess error=2, –ù–µ —É–¥–∞–µ—Ç—Å—è –Ω–∞–π—Ç–∏ —É–∫–∞–∑–∞–Ω–Ω—ã–π —Ñ–∞–π–ª
2025.12.22 20:38:36 INFO  BSP server: For more details, please see 'C:\Users\DezerTear\Desktop\uni\progtech\.scala-build\stacktraces\1766425116-13339628720721269718.log'
2025.12.22 20:38:36 INFO  BSP server: Exception in thread "subprocess-shutdown-hook" java.io.IOException: Cannot run program "C:\Program Files\Eclipse Adoptium\jdk-11.0.29.7-hotspot\jdk-25\bin\java.exe" (in directory "C:\Users\DezerTear\Desktop\uni\progtech"): CreateProcess error=2, –ù–µ —É–¥–∞–µ—Ç—Å—è –Ω–∞–π—Ç–∏ —É–∫–∞–∑–∞–Ω–Ω—ã–π —Ñ–∞–π–ª
2025.12.22 20:38:36 INFO  BSP server: 	at java.base@17.0.6/java.lang.ProcessBuilder.start(ProcessBuilder.java:1143)
2025.12.22 20:38:36 INFO  BSP server: 	at java.base@17.0.6/java.lang.ProcessBuilder.start(ProcessBuilder.java:1073)
2025.12.22 20:38:36 INFO  BSP server: 	at os.proc.proc$lzyINIT1$1(ProcessOps.scala:345)
2025.12.22 20:38:36 INFO  BSP server: 	at os.proc.os$proc$$_$proc$1(ProcessOps.scala:351)
2025.12.22 20:38:36 INFO  BSP server: 	at os.proc$$anon$1.run(ProcessOps.scala:329)
2025.12.22 20:38:36 INFO  BSP server: 	at com.oracle.svm.core.thread.PlatformThreads.threadStartRoutine(PlatformThreads.java:775)
2025.12.22 20:38:36 INFO  BSP server: 	at com.oracle.svm.core.windows.WindowsPlatformThreads.osThreadStartRoutine(WindowsPlatformThreads.java:178)
2025.12.22 20:38:36 INFO  BSP server: Caused by: java.io.IOException: CreateProcess error=2, –ù–µ —É–¥–∞–µ—Ç—Å—è –Ω–∞–π—Ç–∏ —É–∫–∞–∑–∞–Ω–Ω—ã–π —Ñ–∞–π–ª
2025.12.22 20:38:36 INFO  BSP server: 	at com.oracle.svm.core.jni.functions.JNIFunctions$NewObjectWithObjectArrayArgFunctionPointer.invoke(JNIFunctions.java)
2025.12.22 20:38:36 INFO  BSP server: 	at com.oracle.svm.core.jni.functions.JNIFunctions.ThrowNew(JNIFunctions.java:882)
2025.12.22 20:38:36 INFO  BSP server: 	at java.base@17.0.6/java.lang.ProcessImpl.create(ProcessImpl.java)
2025.12.22 20:38:36 INFO  BSP server: 	at java.base@17.0.6/java.lang.ProcessImpl.<init>(ProcessImpl.java:499)
2025.12.22 20:38:36 INFO  BSP server: 	at java.base@17.0.6/java.lang.ProcessImpl.start(ProcessImpl.java:158)
2025.12.22 20:38:36 INFO  BSP server: 	at java.base@17.0.6/java.lang.ProcessBuilder.start(ProcessBuilder.java:1110)
2025.12.22 20:38:36 INFO  BSP server: 	... 6 more
2025.12.22 20:39:34 ERROR Timeout waiting for 'build/initialize' response
2025.12.22 20:39:34 WARN  Retrying connection to the build server scala-cli
2025.12.22 20:39:34 INFO  Running BSP server List(C:\Users\DezerTear\AppData\Local\Coursier\data\bin\.scala-cli.aux.exe, bsp, --json-options, C:\Users\DezerTear\Desktop\uni\progtech\.scala-build\ide-options-v2.json, --json-launcher-options, C:\Users\DezerTear\Desktop\uni\progtech\.scala-build\ide-launcher-options.json, --envs-file, C:\Users\DezerTear\Desktop\uni\progtech\.scala-build\ide-envs.json, C:\Users\DezerTear\Desktop\uni\progtech)
2025.12.22 20:39:34 INFO  tracing is disabled for protocol BSP, to enable tracing of incoming and outgoing JSON messages create an empty file at C:\Users\DezerTear\Desktop\uni\progtech\.metals\bsp.trace.json or C:\Users\DezerTear\AppData\Local\scalameta\metals\cache\bsp.trace.json
2025.12.22 20:39:36 INFO  BSP server: Exception in thread "subprocess-shutdown-hook-monitor" java.io.IOException: Cannot run program "C:\Program Files\Eclipse Adoptium\jdk-11.0.29.7-hotspot\jdk-25\bin\java.exe" (in directory "C:\Users\DezerTear\Desktop\uni\progtech"): CreateProcess error=2, –ù–µ —É–¥–∞–µ—Ç—Å—è –Ω–∞–π—Ç–∏ —É–∫–∞–∑–∞–Ω–Ω—ã–π —Ñ–∞–π–ª
2025.12.22 20:39:36 INFO  BSP server: 	at java.base@17.0.6/java.lang.ProcessBuilder.start(ProcessBuilder.java:1143)
2025.12.22 20:39:36 INFO  BSP server: 	at java.base@17.0.6/java.lang.ProcessBuilder.start(ProcessBuilder.java:1073)
2025.12.22 20:39:36 INFO  BSP server: 	at os.proc.proc$lzyINIT1$1(ProcessOps.scala:345)
2025.12.22 20:39:36 INFO  BSP server: 	at os.proc.os$proc$$_$proc$1(ProcessOps.scala:351)
2025.12.22 20:39:36 INFO  BSP server: 	at os.proc$$anon$2.run(ProcessOps.scala:335)
2025.12.22 20:39:36 INFO  BSP server: 	at com.oracle.svm.core.thread.PlatformThreads.threadStartRoutine(PlatformThreads.java:775)
2025.12.22 20:39:36 INFO  BSP server: 	at com.oracle.svm.core.windows.WindowsPlatformThreads.osThreadStartRoutine(WindowsPlatformThreads.java:178)
2025.12.22 20:39:36 INFO  BSP server: Caused by: java.io.IOException: CreateProcess error=2, –ù–µ —É–¥–∞–µ—Ç—Å—è –Ω–∞–π—Ç–∏ —É–∫–∞–∑–∞–Ω–Ω—ã–π —Ñ–∞–π–ª
2025.12.22 20:39:36 INFO  BSP server: 	at com.oracle.svm.core.jni.functions.JNIFunctions$NewObjectWithObjectArrayArgFunctionPointer.invoke(JNIFunctions.java)
2025.12.22 20:39:36 INFO  BSP server: 	at com.oracle.svm.core.jni.functions.JNIFunctions.ThrowNew(JNIFunctions.java:882)
2025.12.22 20:39:36 INFO  BSP server: 	at java.base@17.0.6/java.lang.ProcessImpl.create(ProcessImpl.java)
2025.12.22 20:39:36 INFO  BSP server: 	at java.base@17.0.6/java.lang.ProcessImpl.<init>(ProcessImpl.java:499)
2025.12.22 20:39:36 INFO  BSP server: 	at java.base@17.0.6/java.lang.ProcessImpl.start(ProcessImpl.java:158)
2025.12.22 20:39:36 INFO  BSP server: 	at java.base@17.0.6/java.lang.ProcessBuilder.start(ProcessBuilder.java:1110)
2025.12.22 20:39:36 INFO  BSP server: 	... 6 more
2025.12.22 20:39:36 INFO  BSP server: Error: java.io.IOException: Cannot run program "C:\Program Files\Eclipse Adoptium\jdk-11.0.29.7-hotspot\jdk-25\bin\java.exe" (in directory "C:\Users\DezerTear\Desktop\uni\progtech"): CreateProcess error=2, –ù–µ —É–¥–∞–µ—Ç—Å—è –Ω–∞–π—Ç–∏ —É–∫–∞–∑–∞–Ω–Ω—ã–π —Ñ–∞–π–ª
2025.12.22 20:39:36 INFO  BSP server: For more details, please see 'C:\Users\DezerTear\Desktop\uni\progtech\.scala-build\stacktraces\1766425176-11543820446232936830.log'
2025.12.22 20:39:36 INFO  BSP server: Exception in thread "subprocess-shutdown-hook" java.io.IOException: Cannot run program "C:\Program Files\Eclipse Adoptium\jdk-11.0.29.7-hotspot\jdk-25\bin\java.exe" (in directory "C:\Users\DezerTear\Desktop\uni\progtech"): CreateProcess error=2, –ù–µ —É–¥–∞–µ—Ç—Å—è –Ω–∞–π—Ç–∏ —É–∫–∞–∑–∞–Ω–Ω—ã–π —Ñ–∞–π–ª
2025.12.22 20:39:36 INFO  BSP server: 	at java.base@17.0.6/java.lang.ProcessBuilder.start(ProcessBuilder.java:1143)
2025.12.22 20:39:36 INFO  BSP server: 	at java.base@17.0.6/java.lang.ProcessBuilder.start(ProcessBuilder.java:1073)
2025.12.22 20:39:36 INFO  BSP server: 	at os.proc.proc$lzyINIT1$1(ProcessOps.scala:345)
2025.12.22 20:39:36 INFO  BSP server: 	at os.proc.os$proc$$_$proc$1(ProcessOps.scala:351)
2025.12.22 20:39:36 INFO  BSP server: 	at os.proc$$anon$1.run(ProcessOps.scala:329)
2025.12.22 20:39:36 INFO  BSP server: 	at com.oracle.svm.core.thread.PlatformThreads.threadStartRoutine(PlatformThreads.java:775)
2025.12.22 20:39:36 INFO  BSP server: 	at com.oracle.svm.core.windows.WindowsPlatformThreads.osThreadStartRoutine(WindowsPlatformThreads.java:178)
2025.12.22 20:39:36 INFO  BSP server: Caused by: java.io.IOException: CreateProcess error=2, –ù–µ —É–¥–∞–µ—Ç—Å—è –Ω–∞–π—Ç–∏ —É–∫–∞–∑–∞–Ω–Ω—ã–π —Ñ–∞–π–ª
2025.12.22 20:39:36 INFO  BSP server: 	at com.oracle.svm.core.jni.functions.JNIFunctions$NewObjectWithObjectArrayArgFunctionPointer.invoke(JNIFunctions.java)
2025.12.22 20:39:36 INFO  BSP server: 	at com.oracle.svm.core.jni.functions.JNIFunctions.ThrowNew(JNIFunctions.java:882)
2025.12.22 20:39:36 INFO  BSP server: 	at java.base@17.0.6/java.lang.ProcessImpl.create(ProcessImpl.java)
2025.12.22 20:39:36 INFO  BSP server: 	at java.base@17.0.6/java.lang.ProcessImpl.<init>(ProcessImpl.java:499)
2025.12.22 20:39:36 INFO  BSP server: 	at java.base@17.0.6/java.lang.ProcessImpl.start(ProcessImpl.java:158)
2025.12.22 20:39:36 INFO  BSP server: 	at java.base@17.0.6/java.lang.ProcessBuilder.start(ProcessBuilder.java:1110)
2025.12.22 20:39:36 INFO  BSP server: 	... 6 more
2025.12.22 20:40:34 ERROR Timeout waiting for 'build/initialize' response
2025.12.22 20:40:34 WARN  Retrying connection to the build server scala-cli
2025.12.22 20:40:34 INFO  Running BSP server List(C:\Users\DezerTear\AppData\Local\Coursier\data\bin\.scala-cli.aux.exe, bsp, --json-options, C:\Users\DezerTear\Desktop\uni\progtech\.scala-build\ide-options-v2.json, --json-launcher-options, C:\Users\DezerTear\Desktop\uni\progtech\.scala-build\ide-launcher-options.json, --envs-file, C:\Users\DezerTear\Desktop\uni\progtech\.scala-build\ide-envs.json, C:\Users\DezerTear\Desktop\uni\progtech)
2025.12.22 20:40:34 INFO  tracing is disabled for protocol BSP, to enable tracing of incoming and outgoing JSON messages create an empty file at C:\Users\DezerTear\Desktop\uni\progtech\.metals\bsp.trace.json or C:\Users\DezerTear\AppData\Local\scalameta\metals\cache\bsp.trace.json
2025.12.22 20:40:37 INFO  BSP server: Exception in thread "subprocess-shutdown-hook-monitor" java.io.IOException: Cannot run program "C:\Program Files\Eclipse Adoptium\jdk-11.0.29.7-hotspot\jdk-25\bin\java.exe" (in directory "C:\Users\DezerTear\Desktop\uni\progtech"): CreateProcess error=2, –ù–µ —É–¥–∞–µ—Ç—Å—è –Ω–∞–π—Ç–∏ —É–∫–∞–∑–∞–Ω–Ω—ã–π —Ñ–∞–π–ª
2025.12.22 20:40:37 INFO  BSP server: 	at java.base@17.0.6/java.lang.ProcessBuilder.start(ProcessBuilder.java:1143)
2025.12.22 20:40:37 INFO  BSP server: 	at java.base@17.0.6/java.lang.ProcessBuilder.start(ProcessBuilder.java:1073)
2025.12.22 20:40:37 INFO  BSP server: 	at os.proc.proc$lzyINIT1$1(ProcessOps.scala:345)
2025.12.22 20:40:37 INFO  BSP server: 	at os.proc.os$proc$$_$proc$1(ProcessOps.scala:351)
2025.12.22 20:40:37 INFO  BSP server: 	at os.proc$$anon$2.run(ProcessOps.scala:335)
2025.12.22 20:40:37 INFO  BSP server: 	at com.oracle.svm.core.thread.PlatformThreads.threadStartRoutine(PlatformThreads.java:775)
2025.12.22 20:40:37 INFO  BSP server: 	at com.oracle.svm.core.windows.WindowsPlatformThreads.osThreadStartRoutine(WindowsPlatformThreads.java:178)
2025.12.22 20:40:37 INFO  BSP server: Caused by: java.io.IOException: CreateProcess error=2, –ù–µ —É–¥–∞–µ—Ç—Å—è –Ω–∞–π—Ç–∏ —É–∫–∞–∑–∞–Ω–Ω—ã–π —Ñ–∞–π–ª
2025.12.22 20:40:37 INFO  BSP server: 	at com.oracle.svm.core.jni.functions.JNIFunctions$NewObjectWithObjectArrayArgFunctionPointer.invoke(JNIFunctions.java)
2025.12.22 20:40:37 INFO  BSP server: 	at com.oracle.svm.core.jni.functions.JNIFunctions.ThrowNew(JNIFunctions.java:882)
2025.12.22 20:40:37 INFO  BSP server: 	at java.base@17.0.6/java.lang.ProcessImpl.create(ProcessImpl.java)
2025.12.22 20:40:37 INFO  BSP server: 	at java.base@17.0.6/java.lang.ProcessImpl.<init>(ProcessImpl.java:499)
2025.12.22 20:40:37 INFO  BSP server: 	at java.base@17.0.6/java.lang.ProcessImpl.start(ProcessImpl.java:158)
2025.12.22 20:40:37 INFO  BSP server: 	at java.base@17.0.6/java.lang.ProcessBuilder.start(ProcessBuilder.java:1110)
2025.12.22 20:40:37 INFO  BSP server: 	... 6 more
2025.12.22 20:40:37 INFO  BSP server: Error: java.io.IOException: Cannot run program "C:\Program Files\Eclipse Adoptium\jdk-11.0.29.7-hotspot\jdk-25\bin\java.exe" (in directory "C:\Users\DezerTear\Desktop\uni\progtech"): CreateProcess error=2, –ù–µ —É–¥–∞–µ—Ç—Å—è –Ω–∞–π—Ç–∏ —É–∫–∞–∑–∞–Ω–Ω—ã–π —Ñ–∞–π–ª
2025.12.22 20:40:37 INFO  BSP server: For more details, please see 'C:\Users\DezerTear\Desktop\uni\progtech\.scala-build\stacktraces\1766425237-14960168808876490435.log'
2025.12.22 20:40:37 INFO  BSP server: Exception in thread "subprocess-shutdown-hook" java.io.IOException: Cannot run program "C:\Program Files\Eclipse Adoptium\jdk-11.0.29.7-hotspot\jdk-25\bin\java.exe" (in directory "C:\Users\DezerTear\Desktop\uni\progtech"): CreateProcess error=2, –ù–µ —É–¥–∞–µ—Ç—Å—è –Ω–∞–π—Ç–∏ —É–∫–∞–∑–∞–Ω–Ω—ã–π —Ñ–∞–π–ª
2025.12.22 20:40:37 INFO  BSP server: 	at java.base@17.0.6/java.lang.ProcessBuilder.start(ProcessBuilder.java:1143)
2025.12.22 20:40:37 INFO  BSP server: 	at java.base@17.0.6/java.lang.ProcessBuilder.start(ProcessBuilder.java:1073)
2025.12.22 20:40:37 INFO  BSP server: 	at os.proc.proc$lzyINIT1$1(ProcessOps.scala:345)
2025.12.22 20:40:37 INFO  BSP server: 	at os.proc.os$proc$$_$proc$1(ProcessOps.scala:351)
2025.12.22 20:40:37 INFO  BSP server: 	at os.proc$$anon$1.run(ProcessOps.scala:329)
2025.12.22 20:40:37 INFO  BSP server: 	at com.oracle.svm.core.thread.PlatformThreads.threadStartRoutine(PlatformThreads.java:775)
2025.12.22 20:40:37 INFO  BSP server: 	at com.oracle.svm.core.windows.WindowsPlatformThreads.osThreadStartRoutine(WindowsPlatformThreads.java:178)
2025.12.22 20:40:37 INFO  BSP server: Caused by: java.io.IOException: CreateProcess error=2, –ù–µ —É–¥–∞–µ—Ç—Å—è –Ω–∞–π—Ç–∏ —É–∫–∞–∑–∞–Ω–Ω—ã–π —Ñ–∞–π–ª
2025.12.22 20:40:37 INFO  BSP server: 	at com.oracle.svm.core.jni.functions.JNIFunctions$NewObjectWithObjectArrayArgFunctionPointer.invoke(JNIFunctions.java)
2025.12.22 20:40:37 INFO  BSP server: 	at com.oracle.svm.core.jni.functions.JNIFunctions.ThrowNew(JNIFunctions.java:882)
2025.12.22 20:40:37 INFO  BSP server: 	at java.base@17.0.6/java.lang.ProcessImpl.create(ProcessImpl.java)
2025.12.22 20:40:37 INFO  BSP server: 	at java.base@17.0.6/java.lang.ProcessImpl.<init>(ProcessImpl.java:499)
2025.12.22 20:40:37 INFO  BSP server: 	at java.base@17.0.6/java.lang.ProcessImpl.start(ProcessImpl.java:158)
2025.12.22 20:40:37 INFO  BSP server: 	at java.base@17.0.6/java.lang.ProcessBuilder.start(ProcessBuilder.java:1110)
2025.12.22 20:40:37 INFO  BSP server: 	... 6 more
2025.12.22 20:41:35 ERROR Timeout waiting for 'build/initialize' response
2025.12.22 20:41:35 ERROR Failed to connect with build server, no functionality will work.
java.util.concurrent.TimeoutException
	at java.util.concurrent.CompletableFuture.timedGet(CompletableFuture.java:1960)
	at java.util.concurrent.CompletableFuture.get(CompletableFuture.java:2095)
	at scala.meta.internal.metals.BuildServerConnection$.initialize(BuildServerConnection.scala:787)
	at scala.meta.internal.metals.BuildServerConnection$.$anonfun$fromSockets$1(BuildServerConnection.scala:658)
	at scala.concurrent.impl.Promise$Transformation.run(Promise.scala:500)
	at java.util.concurrent.ThreadPoolExecutor.runWorker(ThreadPoolExecutor.java:1136)
	at java.util.concurrent.ThreadPoolExecutor$Worker.run(ThreadPoolExecutor.java:635)
	at java.lang.Thread.run(Thread.java:840)

2025.12.22 20:41:35 INFO  no build target found for C:\Users\DezerTear\Desktop\uni\progtech\spark-project\src\main\scala\build.sbt. Using presentation compiler with project's scala-library version: 3.3.6
2025.12.22 20:41:35 WARN  no build target for: C:\Users\DezerTear\Desktop\uni\progtech\spark-project\src\main\scala\build.sbt
2025.12.22 20:41:35 INFO  no build target found for C:\Users\DezerTear\Desktop\uni\progtech\spark-project\src\main\scala\build.sbt. Using presentation compiler with project's scala-library version: 3.3.6
2025.12.22 20:41:35 INFO  no build target found for C:\Users\DezerTear\Desktop\uni\progtech\spark-project\src\main\scala\build.sbt. Using presentation compiler with project's scala-library version: 3.3.6
2025.12.22 20:51:09 WARN  no build target for: C:\Users\DezerTear\Desktop\uni\progtech\spark-project\src\main\scala\build.sbt
2025.12.22 20:51:09 INFO  no build target found for C:\Users\DezerTear\Desktop\uni\progtech\spark-project\src\main\scala\build.sbt. Using presentation compiler with project's scala-library version: 3.3.6
2025.12.22 20:51:09 WARN  Could not find semantic tokens for: file:///C:/Users/DezerTear/Desktop/uni/progtech/spark-project/src/main/scala/build.sbt
2025.12.22 20:56:52 INFO  no build target found for C:\Users\DezerTear\Desktop\uni\progtech\spark-project\src\main\scala\build.sbt. Using presentation compiler with project's scala-library version: 3.3.6
2025.12.22 20:58:52 WARN  no build target for: C:\Users\DezerTear\Desktop\uni\progtech\spark-project\src\main\scala\build.sbt
2025.12.22 20:58:52 INFO  no build target found for C:\Users\DezerTear\Desktop\uni\progtech\spark-project\src\main\scala\build.sbt. Using presentation compiler with project's scala-library version: 3.3.6
2025.12.22 20:58:52 WARN  Could not find semantic tokens for: file:///C:/Users/DezerTear/Desktop/uni/progtech/spark-project/src/main/scala/build.sbt
2025.12.22 20:58:52 INFO  no build target found for C:\Users\DezerTear\Desktop\uni\progtech\spark-project\src\main\scala\build.sbt. Using presentation compiler with project's scala-library version: 3.3.6
2025.12.22 20:59:21 WARN  no build target for: C:\Users\DezerTear\Desktop\uni\progtech\spark-project\src\main\scala\build.sbt
2025.12.22 20:59:21 INFO  no build target found for C:\Users\DezerTear\Desktop\uni\progtech\spark-project\src\main\scala\build.sbt. Using presentation compiler with project's scala-library version: 3.3.6
2025.12.22 20:59:21 WARN  Could not find semantic tokens for: file:///C:/Users/DezerTear/Desktop/uni/progtech/spark-project/src/main/scala/build.sbt
‰ÂÍ. 22, 2025 9:06:41 PM org.eclipse.lsp4j.jsonrpc.services.GenericEndpoint notify
INFO: Unsupported notification method: $/setTrace
‰ÂÍ. 22, 2025 9:06:51 PM org.eclipse.lsp4j.jsonrpc.services.GenericEndpoint notify
INFO: Unsupported notification method: $/setTrace
2025.12.22 21:06:55 WARN  no build target for: C:\Users\DezerTear\Desktop\uni\progtech\spark-project\src\main\scala\build.sbt
2025.12.22 21:06:55 INFO  no build target found for C:\Users\DezerTear\Desktop\uni\progtech\spark-project\src\main\scala\build.sbt. Using presentation compiler with project's scala-library version: 3.3.6
2025.12.22 21:06:55 INFO  no build target found for C:\Users\DezerTear\Desktop\uni\progtech\spark-project\src\main\scala\build.sbt. Using presentation compiler with project's scala-library version: 3.3.6
2025.12.22 21:06:55 WARN  Could not find semantic tokens for: file:///C:/Users/DezerTear/Desktop/uni/progtech/spark-project/src/main/scala/build.sbt
2025.12.22 21:06:55 INFO  no build target found for C:\Users\DezerTear\Desktop\uni\progtech\spark-project\src\main\scala\build.sbt. Using presentation compiler with project's scala-library version: 3.3.6
2025.12.22 21:07:00 INFO  no build target found for C:\Users\DezerTear\Desktop\uni\progtech\spark-project\src\main\scala\build.sbt. Using presentation compiler with project's scala-library version: 3.3.6
2025.12.22 21:07:00 INFO  no build target found for C:\Users\DezerTear\Desktop\uni\progtech\spark-project\src\main\scala\build.sbt. Using presentation compiler with project's scala-library version: 3.3.6
2025.12.22 21:08:39 INFO  Shutting down server
2025.12.22 21:08:39 INFO  shutting down Metals
2025.12.22 21:08:39 INFO  Exiting server
2025.12.22 21:10:03 INFO  Started: Metals version 1.6.4 in folders 'C:\Users\DezerTear\Desktop\uni\progtech' for client Visual Studio Code 1.107.1.
2025.12.22 21:10:04 WARN  Using H2 2.4.240 which is newer than the version Flyway has been verified with. The latest verified version of H2 is 2.3.232.
2025.12.22 21:10:04 INFO  Attempting to connect to the build server...
2025.12.22 21:10:04 INFO  Running BSP server List(C:\Users\DezerTear\AppData\Local\Coursier\data\bin\.scala-cli.aux.exe, bsp, --json-options, C:\Users\DezerTear\Desktop\uni\progtech\.scala-build\ide-options-v2.json, --json-launcher-options, C:\Users\DezerTear\Desktop\uni\progtech\.scala-build\ide-launcher-options.json, --envs-file, C:\Users\DezerTear\Desktop\uni\progtech\.scala-build\ide-envs.json, C:\Users\DezerTear\Desktop\uni\progtech)
2025.12.22 21:10:04 INFO  tracing is disabled for protocol BSP, to enable tracing of incoming and outgoing JSON messages create an empty file at C:\Users\DezerTear\Desktop\uni\progtech\.metals\bsp.trace.json or C:\Users\DezerTear\AppData\Local\scalameta\metals\cache\bsp.trace.json
2025.12.22 21:10:06 INFO  BSP server: Exception in thread "subprocess-shutdown-hook-monitor" java.io.IOException: Cannot run program "C:\Program Files\Eclipse Adoptium\jdk-11.0.29.7-hotspot\jdk-25\bin\java.exe" (in directory "C:\Users\DezerTear\Desktop\uni\progtech"): CreateProcess error=2, –ù–µ —É–¥–∞–µ—Ç—Å—è –Ω–∞–π—Ç–∏ —É–∫–∞–∑–∞–Ω–Ω—ã–π —Ñ–∞–π–ª
2025.12.22 21:10:06 INFO  BSP server: 	at java.base@17.0.6/java.lang.ProcessBuilder.start(ProcessBuilder.java:1143)
2025.12.22 21:10:06 INFO  BSP server: 	at java.base@17.0.6/java.lang.ProcessBuilder.start(ProcessBuilder.java:1073)
2025.12.22 21:10:06 INFO  BSP server: 	at os.proc.proc$lzyINIT1$1(ProcessOps.scala:345)
2025.12.22 21:10:06 INFO  BSP server: 	at os.proc.os$proc$$_$proc$1(ProcessOps.scala:351)
2025.12.22 21:10:06 INFO  BSP server: 	at os.proc$$anon$2.run(ProcessOps.scala:335)
2025.12.22 21:10:06 INFO  BSP server: 	at com.oracle.svm.core.thread.PlatformThreads.threadStartRoutine(PlatformThreads.java:775)
2025.12.22 21:10:06 INFO  BSP server: 	at com.oracle.svm.core.windows.WindowsPlatformThreads.osThreadStartRoutine(WindowsPlatformThreads.java:178)
2025.12.22 21:10:06 INFO  BSP server: Caused by: java.io.IOException: CreateProcess error=2, –ù–µ —É–¥–∞–µ—Ç—Å—è –Ω–∞–π—Ç–∏ —É–∫–∞–∑–∞–Ω–Ω—ã–π —Ñ–∞–π–ª
2025.12.22 21:10:06 INFO  BSP server: 	at com.oracle.svm.core.jni.functions.JNIFunctions$NewObjectWithObjectArrayArgFunctionPointer.invoke(JNIFunctions.java)
2025.12.22 21:10:06 INFO  BSP server: 	at com.oracle.svm.core.jni.functions.JNIFunctions.ThrowNew(JNIFunctions.java:882)
2025.12.22 21:10:06 INFO  BSP server: 	at java.base@17.0.6/java.lang.ProcessImpl.create(ProcessImpl.java)
2025.12.22 21:10:06 INFO  BSP server: 	at java.base@17.0.6/java.lang.ProcessImpl.<init>(ProcessImpl.java:499)
2025.12.22 21:10:06 INFO  BSP server: 	at java.base@17.0.6/java.lang.ProcessImpl.start(ProcessImpl.java:158)
2025.12.22 21:10:06 INFO  BSP server: 	at java.base@17.0.6/java.lang.ProcessBuilder.start(ProcessBuilder.java:1110)
2025.12.22 21:10:06 INFO  BSP server: 	... 6 more
2025.12.22 21:10:06 INFO  BSP server: Error: java.io.IOException: Cannot run program "C:\Program Files\Eclipse Adoptium\jdk-11.0.29.7-hotspot\jdk-25\bin\java.exe" (in directory "C:\Users\DezerTear\Desktop\uni\progtech"): CreateProcess error=2, –ù–µ —É–¥–∞–µ—Ç—Å—è –Ω–∞–π—Ç–∏ —É–∫–∞–∑–∞–Ω–Ω—ã–π —Ñ–∞–π–ª
2025.12.22 21:10:06 INFO  BSP server: For more details, please see 'C:\Users\DezerTear\Desktop\uni\progtech\.scala-build\stacktraces\1766427006-11091417706501309245.log'
2025.12.22 21:10:06 INFO  BSP server: Exception in thread "subprocess-shutdown-hook" java.io.IOException: Cannot run program "C:\Program Files\Eclipse Adoptium\jdk-11.0.29.7-hotspot\jdk-25\bin\java.exe" (in directory "C:\Users\DezerTear\Desktop\uni\progtech"): CreateProcess error=2, –ù–µ —É–¥–∞–µ—Ç—Å—è –Ω–∞–π—Ç–∏ —É–∫–∞–∑–∞–Ω–Ω—ã–π —Ñ–∞–π–ª
2025.12.22 21:10:06 INFO  BSP server: 	at java.base@17.0.6/java.lang.ProcessBuilder.start(ProcessBuilder.java:1143)
2025.12.22 21:10:06 INFO  BSP server: 	at java.base@17.0.6/java.lang.ProcessBuilder.start(ProcessBuilder.java:1073)
2025.12.22 21:10:06 INFO  BSP server: 	at os.proc.proc$lzyINIT1$1(ProcessOps.scala:345)
2025.12.22 21:10:06 INFO  BSP server: 	at os.proc.os$proc$$_$proc$1(ProcessOps.scala:351)
2025.12.22 21:10:06 INFO  BSP server: 	at os.proc$$anon$1.run(ProcessOps.scala:329)
2025.12.22 21:10:06 INFO  BSP server: 	at com.oracle.svm.core.thread.PlatformThreads.threadStartRoutine(PlatformThreads.java:775)
2025.12.22 21:10:06 INFO  BSP server: 	at com.oracle.svm.core.windows.WindowsPlatformThreads.osThreadStartRoutine(WindowsPlatformThreads.java:178)
2025.12.22 21:10:06 INFO  BSP server: Caused by: java.io.IOException: CreateProcess error=2, –ù–µ —É–¥–∞–µ—Ç—Å—è –Ω–∞–π—Ç–∏ —É–∫–∞–∑–∞–Ω–Ω—ã–π —Ñ–∞–π–ª
2025.12.22 21:10:06 INFO  BSP server: 	at com.oracle.svm.core.jni.functions.JNIFunctions$NewObjectWithObjectArrayArgFunctionPointer.invoke(JNIFunctions.java)
2025.12.22 21:10:06 INFO  BSP server: 	at com.oracle.svm.core.jni.functions.JNIFunctions.ThrowNew(JNIFunctions.java:882)
2025.12.22 21:10:06 INFO  BSP server: 	at java.base@17.0.6/java.lang.ProcessImpl.create(ProcessImpl.java)
2025.12.22 21:10:06 INFO  BSP server: 	at java.base@17.0.6/java.lang.ProcessImpl.<init>(ProcessImpl.java:499)
2025.12.22 21:10:06 INFO  BSP server: 	at java.base@17.0.6/java.lang.ProcessImpl.start(ProcessImpl.java:158)
2025.12.22 21:10:06 INFO  BSP server: 	at java.base@17.0.6/java.lang.ProcessBuilder.start(ProcessBuilder.java:1110)
2025.12.22 21:10:06 INFO  BSP server: 	... 6 more
2025.12.22 21:11:04 ERROR Timeout waiting for 'build/initialize' response
2025.12.22 21:11:04 WARN  Retrying connection to the build server scala-cli
2025.12.22 21:11:04 INFO  Running BSP server List(C:\Users\DezerTear\AppData\Local\Coursier\data\bin\.scala-cli.aux.exe, bsp, --json-options, C:\Users\DezerTear\Desktop\uni\progtech\.scala-build\ide-options-v2.json, --json-launcher-options, C:\Users\DezerTear\Desktop\uni\progtech\.scala-build\ide-launcher-options.json, --envs-file, C:\Users\DezerTear\Desktop\uni\progtech\.scala-build\ide-envs.json, C:\Users\DezerTear\Desktop\uni\progtech)
2025.12.22 21:11:04 INFO  tracing is disabled for protocol BSP, to enable tracing of incoming and outgoing JSON messages create an empty file at C:\Users\DezerTear\Desktop\uni\progtech\.metals\bsp.trace.json or C:\Users\DezerTear\AppData\Local\scalameta\metals\cache\bsp.trace.json
2025.12.22 21:11:06 INFO  BSP server: Exception in thread "subprocess-shutdown-hook-monitor" java.io.IOException: Cannot run program "C:\Program Files\Eclipse Adoptium\jdk-11.0.29.7-hotspot\jdk-25\bin\java.exe" (in directory "C:\Users\DezerTear\Desktop\uni\progtech"): CreateProcess error=2, –ù–µ —É–¥–∞–µ—Ç—Å—è –Ω–∞–π—Ç–∏ —É–∫–∞–∑–∞–Ω–Ω—ã–π —Ñ–∞–π–ª
2025.12.22 21:11:06 INFO  BSP server: 	at java.base@17.0.6/java.lang.ProcessBuilder.start(ProcessBuilder.java:1143)
2025.12.22 21:11:06 INFO  BSP server: 	at java.base@17.0.6/java.lang.ProcessBuilder.start(ProcessBuilder.java:1073)
2025.12.22 21:11:06 INFO  BSP server: 	at os.proc.proc$lzyINIT1$1(ProcessOps.scala:345)
2025.12.22 21:11:06 INFO  BSP server: 	at os.proc.os$proc$$_$proc$1(ProcessOps.scala:351)
2025.12.22 21:11:06 INFO  BSP server: 	at os.proc$$anon$2.run(ProcessOps.scala:335)
2025.12.22 21:11:06 INFO  BSP server: 	at com.oracle.svm.core.thread.PlatformThreads.threadStartRoutine(PlatformThreads.java:775)
2025.12.22 21:11:06 INFO  BSP server: 	at com.oracle.svm.core.windows.WindowsPlatformThreads.osThreadStartRoutine(WindowsPlatformThreads.java:178)
2025.12.22 21:11:06 INFO  BSP server: Caused by: java.io.IOException: CreateProcess error=2, –ù–µ —É–¥–∞–µ—Ç—Å—è –Ω–∞–π—Ç–∏ —É–∫–∞–∑–∞–Ω–Ω—ã–π —Ñ–∞–π–ª
2025.12.22 21:11:06 INFO  BSP server: 	at com.oracle.svm.core.jni.functions.JNIFunctions$NewObjectWithObjectArrayArgFunctionPointer.invoke(JNIFunctions.java)
2025.12.22 21:11:06 INFO  BSP server: 	at com.oracle.svm.core.jni.functions.JNIFunctions.ThrowNew(JNIFunctions.java:882)
2025.12.22 21:11:06 INFO  BSP server: 	at java.base@17.0.6/java.lang.ProcessImpl.create(ProcessImpl.java)
2025.12.22 21:11:06 INFO  BSP server: 	at java.base@17.0.6/java.lang.ProcessImpl.<init>(ProcessImpl.java:499)
2025.12.22 21:11:06 INFO  BSP server: 	at java.base@17.0.6/java.lang.ProcessImpl.start(ProcessImpl.java:158)
2025.12.22 21:11:06 INFO  BSP server: 	at java.base@17.0.6/java.lang.ProcessBuilder.start(ProcessBuilder.java:1110)
2025.12.22 21:11:06 INFO  BSP server: 	... 6 more
2025.12.22 21:11:06 INFO  BSP server: Error: java.io.IOException: Cannot run program "C:\Program Files\Eclipse Adoptium\jdk-11.0.29.7-hotspot\jdk-25\bin\java.exe" (in directory "C:\Users\DezerTear\Desktop\uni\progtech"): CreateProcess error=2, –ù–µ —É–¥–∞–µ—Ç—Å—è –Ω–∞–π—Ç–∏ —É–∫–∞–∑–∞–Ω–Ω—ã–π —Ñ–∞–π–ª
2025.12.22 21:11:06 INFO  BSP server: For more details, please see 'C:\Users\DezerTear\Desktop\uni\progtech\.scala-build\stacktraces\1766427066-2719502538596407893.log'
2025.12.22 21:11:06 INFO  BSP server: Exception in thread "subprocess-shutdown-hook" java.io.IOException: Cannot run program "C:\Program Files\Eclipse Adoptium\jdk-11.0.29.7-hotspot\jdk-25\bin\java.exe" (in directory "C:\Users\DezerTear\Desktop\uni\progtech"): CreateProcess error=2, –ù–µ —É–¥–∞–µ—Ç—Å—è –Ω–∞–π—Ç–∏ —É–∫–∞–∑–∞–Ω–Ω—ã–π —Ñ–∞–π–ª
2025.12.22 21:11:06 INFO  BSP server: 	at java.base@17.0.6/java.lang.ProcessBuilder.start(ProcessBuilder.java:1143)
2025.12.22 21:11:06 INFO  BSP server: 	at java.base@17.0.6/java.lang.ProcessBuilder.start(ProcessBuilder.java:1073)
2025.12.22 21:11:06 INFO  BSP server: 	at os.proc.proc$lzyINIT1$1(ProcessOps.scala:345)
2025.12.22 21:11:06 INFO  BSP server: 	at os.proc.os$proc$$_$proc$1(ProcessOps.scala:351)
2025.12.22 21:11:06 INFO  BSP server: 	at os.proc$$anon$1.run(ProcessOps.scala:329)
2025.12.22 21:11:06 INFO  BSP server: 	at com.oracle.svm.core.thread.PlatformThreads.threadStartRoutine(PlatformThreads.java:775)
2025.12.22 21:11:06 INFO  BSP server: 	at com.oracle.svm.core.windows.WindowsPlatformThreads.osThreadStartRoutine(WindowsPlatformThreads.java:178)
2025.12.22 21:11:06 INFO  BSP server: Caused by: java.io.IOException: CreateProcess error=2, –ù–µ —É–¥–∞–µ—Ç—Å—è –Ω–∞–π—Ç–∏ —É–∫–∞–∑–∞–Ω–Ω—ã–π —Ñ–∞–π–ª
2025.12.22 21:11:06 INFO  BSP server: 	at com.oracle.svm.core.jni.functions.JNIFunctions$NewObjectWithObjectArrayArgFunctionPointer.invoke(JNIFunctions.java)
2025.12.22 21:11:06 INFO  BSP server: 	at com.oracle.svm.core.jni.functions.JNIFunctions.ThrowNew(JNIFunctions.java:882)
2025.12.22 21:11:06 INFO  BSP server: 	at java.base@17.0.6/java.lang.ProcessImpl.create(ProcessImpl.java)
2025.12.22 21:11:06 INFO  BSP server: 	at java.base@17.0.6/java.lang.ProcessImpl.<init>(ProcessImpl.java:499)
2025.12.22 21:11:06 INFO  BSP server: 	at java.base@17.0.6/java.lang.ProcessImpl.start(ProcessImpl.java:158)
2025.12.22 21:11:06 INFO  BSP server: 	at java.base@17.0.6/java.lang.ProcessBuilder.start(ProcessBuilder.java:1110)
2025.12.22 21:11:06 INFO  BSP server: 	... 6 more
2025.12.22 21:12:04 ERROR Timeout waiting for 'build/initialize' response
2025.12.22 21:12:04 WARN  Retrying connection to the build server scala-cli
2025.12.22 21:12:04 INFO  Running BSP server List(C:\Users\DezerTear\AppData\Local\Coursier\data\bin\.scala-cli.aux.exe, bsp, --json-options, C:\Users\DezerTear\Desktop\uni\progtech\.scala-build\ide-options-v2.json, --json-launcher-options, C:\Users\DezerTear\Desktop\uni\progtech\.scala-build\ide-launcher-options.json, --envs-file, C:\Users\DezerTear\Desktop\uni\progtech\.scala-build\ide-envs.json, C:\Users\DezerTear\Desktop\uni\progtech)
2025.12.22 21:12:04 INFO  tracing is disabled for protocol BSP, to enable tracing of incoming and outgoing JSON messages create an empty file at C:\Users\DezerTear\Desktop\uni\progtech\.metals\bsp.trace.json or C:\Users\DezerTear\AppData\Local\scalameta\metals\cache\bsp.trace.json
2025.12.22 21:12:06 INFO  BSP server: Exception in thread "subprocess-shutdown-hook-monitor" java.io.IOException: Cannot run program "C:\Program Files\Eclipse Adoptium\jdk-11.0.29.7-hotspot\jdk-25\bin\java.exe" (in directory "C:\Users\DezerTear\Desktop\uni\progtech"): CreateProcess error=2, –ù–µ —É–¥–∞–µ—Ç—Å—è –Ω–∞–π—Ç–∏ —É–∫–∞–∑–∞–Ω–Ω—ã–π —Ñ–∞–π–ª
2025.12.22 21:12:06 INFO  BSP server: 	at java.base@17.0.6/java.lang.ProcessBuilder.start(ProcessBuilder.java:1143)
2025.12.22 21:12:06 INFO  BSP server: 	at java.base@17.0.6/java.lang.ProcessBuilder.start(ProcessBuilder.java:1073)
2025.12.22 21:12:06 INFO  BSP server: 	at os.proc.proc$lzyINIT1$1(ProcessOps.scala:345)
2025.12.22 21:12:06 INFO  BSP server: 	at os.proc.os$proc$$_$proc$1(ProcessOps.scala:351)
2025.12.22 21:12:06 INFO  BSP server: 	at os.proc$$anon$2.run(ProcessOps.scala:335)
2025.12.22 21:12:06 INFO  BSP server: 	at com.oracle.svm.core.thread.PlatformThreads.threadStartRoutine(PlatformThreads.java:775)
2025.12.22 21:12:06 INFO  BSP server: 	at com.oracle.svm.core.windows.WindowsPlatformThreads.osThreadStartRoutine(WindowsPlatformThreads.java:178)
2025.12.22 21:12:06 INFO  BSP server: Caused by: java.io.IOException: CreateProcess error=2, –ù–µ —É–¥–∞–µ—Ç—Å—è –Ω–∞–π—Ç–∏ —É–∫–∞–∑–∞–Ω–Ω—ã–π —Ñ–∞–π–ª
2025.12.22 21:12:06 INFO  BSP server: 	at com.oracle.svm.core.jni.functions.JNIFunctions$NewObjectWithObjectArrayArgFunctionPointer.invoke(JNIFunctions.java)
2025.12.22 21:12:06 INFO  BSP server: 	at com.oracle.svm.core.jni.functions.JNIFunctions.ThrowNew(JNIFunctions.java:882)
2025.12.22 21:12:06 INFO  BSP server: 	at java.base@17.0.6/java.lang.ProcessImpl.create(ProcessImpl.java)
2025.12.22 21:12:06 INFO  BSP server: 	at java.base@17.0.6/java.lang.ProcessImpl.<init>(ProcessImpl.java:499)
2025.12.22 21:12:06 INFO  BSP server: 	at java.base@17.0.6/java.lang.ProcessImpl.start(ProcessImpl.java:158)
2025.12.22 21:12:06 INFO  BSP server: 	at java.base@17.0.6/java.lang.ProcessBuilder.start(ProcessBuilder.java:1110)
2025.12.22 21:12:06 INFO  BSP server: 	... 6 more
2025.12.22 21:12:06 INFO  BSP server: Error: java.io.IOException: Cannot run program "C:\Program Files\Eclipse Adoptium\jdk-11.0.29.7-hotspot\jdk-25\bin\java.exe" (in directory "C:\Users\DezerTear\Desktop\uni\progtech"): CreateProcess error=2, –ù–µ —É–¥–∞–µ—Ç—Å—è –Ω–∞–π—Ç–∏ —É–∫–∞–∑–∞–Ω–Ω—ã–π —Ñ–∞–π–ª
2025.12.22 21:12:06 INFO  BSP server: For more details, please see 'C:\Users\DezerTear\Desktop\uni\progtech\.scala-build\stacktraces\1766427126-13187450422457939423.log'
2025.12.22 21:12:06 INFO  BSP server: Exception in thread "subprocess-shutdown-hook" java.io.IOException: Cannot run program "C:\Program Files\Eclipse Adoptium\jdk-11.0.29.7-hotspot\jdk-25\bin\java.exe" (in directory "C:\Users\DezerTear\Desktop\uni\progtech"): CreateProcess error=2, –ù–µ —É–¥–∞–µ—Ç—Å—è –Ω–∞–π—Ç–∏ —É–∫–∞–∑–∞–Ω–Ω—ã–π —Ñ–∞–π–ª
2025.12.22 21:12:06 INFO  BSP server: 	at java.base@17.0.6/java.lang.ProcessBuilder.start(ProcessBuilder.java:1143)
2025.12.22 21:12:06 INFO  BSP server: 	at java.base@17.0.6/java.lang.ProcessBuilder.start(ProcessBuilder.java:1073)
2025.12.22 21:12:06 INFO  BSP server: 	at os.proc.proc$lzyINIT1$1(ProcessOps.scala:345)
2025.12.22 21:12:06 INFO  BSP server: 	at os.proc.os$proc$$_$proc$1(ProcessOps.scala:351)
2025.12.22 21:12:06 INFO  BSP server: 	at os.proc$$anon$1.run(ProcessOps.scala:329)
2025.12.22 21:12:06 INFO  BSP server: 	at com.oracle.svm.core.thread.PlatformThreads.threadStartRoutine(PlatformThreads.java:775)
2025.12.22 21:12:06 INFO  BSP server: 	at com.oracle.svm.core.windows.WindowsPlatformThreads.osThreadStartRoutine(WindowsPlatformThreads.java:178)
2025.12.22 21:12:06 INFO  BSP server: Caused by: java.io.IOException: CreateProcess error=2, –ù–µ —É–¥–∞–µ—Ç—Å—è –Ω–∞–π—Ç–∏ —É–∫–∞–∑–∞–Ω–Ω—ã–π —Ñ–∞–π–ª
2025.12.22 21:12:06 INFO  BSP server: 	at com.oracle.svm.core.jni.functions.JNIFunctions$NewObjectWithObjectArrayArgFunctionPointer.invoke(JNIFunctions.java)
2025.12.22 21:12:06 INFO  BSP server: 	at com.oracle.svm.core.jni.functions.JNIFunctions.ThrowNew(JNIFunctions.java:882)
2025.12.22 21:12:06 INFO  BSP server: 	at java.base@17.0.6/java.lang.ProcessImpl.create(ProcessImpl.java)
2025.12.22 21:12:06 INFO  BSP server: 	at java.base@17.0.6/java.lang.ProcessImpl.<init>(ProcessImpl.java:499)
2025.12.22 21:12:06 INFO  BSP server: 	at java.base@17.0.6/java.lang.ProcessImpl.start(ProcessImpl.java:158)
2025.12.22 21:12:06 INFO  BSP server: 	at java.base@17.0.6/java.lang.ProcessBuilder.start(ProcessBuilder.java:1110)
2025.12.22 21:12:06 INFO  BSP server: 	... 6 more
2025.12.22 21:13:04 ERROR Timeout waiting for 'build/initialize' response
2025.12.22 21:13:04 WARN  Retrying connection to the build server scala-cli
2025.12.22 21:13:04 INFO  Running BSP server List(C:\Users\DezerTear\AppData\Local\Coursier\data\bin\.scala-cli.aux.exe, bsp, --json-options, C:\Users\DezerTear\Desktop\uni\progtech\.scala-build\ide-options-v2.json, --json-launcher-options, C:\Users\DezerTear\Desktop\uni\progtech\.scala-build\ide-launcher-options.json, --envs-file, C:\Users\DezerTear\Desktop\uni\progtech\.scala-build\ide-envs.json, C:\Users\DezerTear\Desktop\uni\progtech)
2025.12.22 21:13:04 INFO  tracing is disabled for protocol BSP, to enable tracing of incoming and outgoing JSON messages create an empty file at C:\Users\DezerTear\Desktop\uni\progtech\.metals\bsp.trace.json or C:\Users\DezerTear\AppData\Local\scalameta\metals\cache\bsp.trace.json
2025.12.22 21:13:06 INFO  BSP server: Exception in thread "subprocess-shutdown-hook-monitor" java.io.IOException: Cannot run program "C:\Program Files\Eclipse Adoptium\jdk-11.0.29.7-hotspot\jdk-25\bin\java.exe" (in directory "C:\Users\DezerTear\Desktop\uni\progtech"): CreateProcess error=2, –ù–µ —É–¥–∞–µ—Ç—Å—è –Ω–∞–π—Ç–∏ —É–∫–∞–∑–∞–Ω–Ω—ã–π —Ñ–∞–π–ª
2025.12.22 21:13:06 INFO  BSP server: 	at java.base@17.0.6/java.lang.ProcessBuilder.start(ProcessBuilder.java:1143)
2025.12.22 21:13:06 INFO  BSP server: 	at java.base@17.0.6/java.lang.ProcessBuilder.start(ProcessBuilder.java:1073)
2025.12.22 21:13:06 INFO  BSP server: 	at os.proc.proc$lzyINIT1$1(ProcessOps.scala:345)
2025.12.22 21:13:06 INFO  BSP server: 	at os.proc.os$proc$$_$proc$1(ProcessOps.scala:351)
2025.12.22 21:13:06 INFO  BSP server: 	at os.proc$$anon$2.run(ProcessOps.scala:335)
2025.12.22 21:13:06 INFO  BSP server: 	at com.oracle.svm.core.thread.PlatformThreads.threadStartRoutine(PlatformThreads.java:775)
2025.12.22 21:13:06 INFO  BSP server: 	at com.oracle.svm.core.windows.WindowsPlatformThreads.osThreadStartRoutine(WindowsPlatformThreads.java:178)
2025.12.22 21:13:06 INFO  BSP server: Caused by: java.io.IOException: CreateProcess error=2, –ù–µ —É–¥–∞–µ—Ç—Å—è –Ω–∞–π—Ç–∏ —É–∫–∞–∑–∞–Ω–Ω—ã–π —Ñ–∞–π–ª
2025.12.22 21:13:06 INFO  BSP server: 	at com.oracle.svm.core.jni.functions.JNIFunctions$NewObjectWithObjectArrayArgFunctionPointer.invoke(JNIFunctions.java)
2025.12.22 21:13:06 INFO  BSP server: 	at com.oracle.svm.core.jni.functions.JNIFunctions.ThrowNew(JNIFunctions.java:882)
2025.12.22 21:13:06 INFO  BSP server: 	at java.base@17.0.6/java.lang.ProcessImpl.create(ProcessImpl.java)
2025.12.22 21:13:06 INFO  BSP server: 	at java.base@17.0.6/java.lang.ProcessImpl.<init>(ProcessImpl.java:499)
2025.12.22 21:13:06 INFO  BSP server: 	at java.base@17.0.6/java.lang.ProcessImpl.start(ProcessImpl.java:158)
2025.12.22 21:13:06 INFO  BSP server: 	at java.base@17.0.6/java.lang.ProcessBuilder.start(ProcessBuilder.java:1110)
2025.12.22 21:13:06 INFO  BSP server: 	... 6 more
2025.12.22 21:13:06 INFO  BSP server: Error: java.io.IOException: Cannot run program "C:\Program Files\Eclipse Adoptium\jdk-11.0.29.7-hotspot\jdk-25\bin\java.exe" (in directory "C:\Users\DezerTear\Desktop\uni\progtech"): CreateProcess error=2, –ù–µ —É–¥–∞–µ—Ç—Å—è –Ω–∞–π—Ç–∏ —É–∫–∞–∑–∞–Ω–Ω—ã–π —Ñ–∞–π–ª
2025.12.22 21:13:06 INFO  BSP server: For more details, please see 'C:\Users\DezerTear\Desktop\uni\progtech\.scala-build\stacktraces\1766427186-16008856967951702054.log'
2025.12.22 21:13:06 INFO  BSP server: Exception in thread "subprocess-shutdown-hook" java.io.IOException: Cannot run program "C:\Program Files\Eclipse Adoptium\jdk-11.0.29.7-hotspot\jdk-25\bin\java.exe" (in directory "C:\Users\DezerTear\Desktop\uni\progtech"): CreateProcess error=2, –ù–µ —É–¥–∞–µ—Ç—Å—è –Ω–∞–π—Ç–∏ —É–∫–∞–∑–∞–Ω–Ω—ã–π —Ñ–∞–π–ª
2025.12.22 21:13:06 INFO  BSP server: 	at java.base@17.0.6/java.lang.ProcessBuilder.start(ProcessBuilder.java:1143)
2025.12.22 21:13:06 INFO  BSP server: 	at java.base@17.0.6/java.lang.ProcessBuilder.start(ProcessBuilder.java:1073)
2025.12.22 21:13:06 INFO  BSP server: 	at os.proc.proc$lzyINIT1$1(ProcessOps.scala:345)
2025.12.22 21:13:06 INFO  BSP server: 	at os.proc.os$proc$$_$proc$1(ProcessOps.scala:351)
2025.12.22 21:13:06 INFO  BSP server: 	at os.proc$$anon$1.run(ProcessOps.scala:329)
2025.12.22 21:13:06 INFO  BSP server: 	at com.oracle.svm.core.thread.PlatformThreads.threadStartRoutine(PlatformThreads.java:775)
2025.12.22 21:13:06 INFO  BSP server: 	at com.oracle.svm.core.windows.WindowsPlatformThreads.osThreadStartRoutine(WindowsPlatformThreads.java:178)
2025.12.22 21:13:06 INFO  BSP server: Caused by: java.io.IOException: CreateProcess error=2, –ù–µ —É–¥–∞–µ—Ç—Å—è –Ω–∞–π—Ç–∏ —É–∫–∞–∑–∞–Ω–Ω—ã–π —Ñ–∞–π–ª
2025.12.22 21:13:06 INFO  BSP server: 	at com.oracle.svm.core.jni.functions.JNIFunctions$NewObjectWithObjectArrayArgFunctionPointer.invoke(JNIFunctions.java)
2025.12.22 21:13:06 INFO  BSP server: 	at com.oracle.svm.core.jni.functions.JNIFunctions.ThrowNew(JNIFunctions.java:882)
2025.12.22 21:13:06 INFO  BSP server: 	at java.base@17.0.6/java.lang.ProcessImpl.create(ProcessImpl.java)
2025.12.22 21:13:06 INFO  BSP server: 	at java.base@17.0.6/java.lang.ProcessImpl.<init>(ProcessImpl.java:499)
2025.12.22 21:13:06 INFO  BSP server: 	at java.base@17.0.6/java.lang.ProcessImpl.start(ProcessImpl.java:158)
2025.12.22 21:13:06 INFO  BSP server: 	at java.base@17.0.6/java.lang.ProcessBuilder.start(ProcessBuilder.java:1110)
2025.12.22 21:13:06 INFO  BSP server: 	... 6 more
2025.12.22 21:14:04 ERROR Timeout waiting for 'build/initialize' response
2025.12.22 21:14:04 WARN  Retrying connection to the build server scala-cli
2025.12.22 21:14:04 INFO  Running BSP server List(C:\Users\DezerTear\AppData\Local\Coursier\data\bin\.scala-cli.aux.exe, bsp, --json-options, C:\Users\DezerTear\Desktop\uni\progtech\.scala-build\ide-options-v2.json, --json-launcher-options, C:\Users\DezerTear\Desktop\uni\progtech\.scala-build\ide-launcher-options.json, --envs-file, C:\Users\DezerTear\Desktop\uni\progtech\.scala-build\ide-envs.json, C:\Users\DezerTear\Desktop\uni\progtech)
2025.12.22 21:14:04 INFO  tracing is disabled for protocol BSP, to enable tracing of incoming and outgoing JSON messages create an empty file at C:\Users\DezerTear\Desktop\uni\progtech\.metals\bsp.trace.json or C:\Users\DezerTear\AppData\Local\scalameta\metals\cache\bsp.trace.json
2025.12.22 21:14:06 INFO  BSP server: Exception in thread "subprocess-shutdown-hook-monitor" java.io.IOException: Cannot run program "C:\Program Files\Eclipse Adoptium\jdk-11.0.29.7-hotspot\jdk-25\bin\java.exe" (in directory "C:\Users\DezerTear\Desktop\uni\progtech"): CreateProcess error=2, –ù–µ —É–¥–∞–µ—Ç—Å—è –Ω–∞–π—Ç–∏ —É–∫–∞–∑–∞–Ω–Ω—ã–π —Ñ–∞–π–ª
2025.12.22 21:14:06 INFO  BSP server: 	at java.base@17.0.6/java.lang.ProcessBuilder.start(ProcessBuilder.java:1143)
2025.12.22 21:14:06 INFO  BSP server: 	at java.base@17.0.6/java.lang.ProcessBuilder.start(ProcessBuilder.java:1073)
2025.12.22 21:14:06 INFO  BSP server: 	at os.proc.proc$lzyINIT1$1(ProcessOps.scala:345)
2025.12.22 21:14:06 INFO  BSP server: 	at os.proc.os$proc$$_$proc$1(ProcessOps.scala:351)
2025.12.22 21:14:06 INFO  BSP server: 	at os.proc$$anon$2.run(ProcessOps.scala:335)
2025.12.22 21:14:06 INFO  BSP server: 	at com.oracle.svm.core.thread.PlatformThreads.threadStartRoutine(PlatformThreads.java:775)
2025.12.22 21:14:06 INFO  BSP server: 	at com.oracle.svm.core.windows.WindowsPlatformThreads.osThreadStartRoutine(WindowsPlatformThreads.java:178)
2025.12.22 21:14:06 INFO  BSP server: Caused by: java.io.IOException: CreateProcess error=2, –ù–µ —É–¥–∞–µ—Ç—Å—è –Ω–∞–π—Ç–∏ —É–∫–∞–∑–∞–Ω–Ω—ã–π —Ñ–∞–π–ª
2025.12.22 21:14:06 INFO  BSP server: 	at com.oracle.svm.core.jni.functions.JNIFunctions$NewObjectWithObjectArrayArgFunctionPointer.invoke(JNIFunctions.java)
2025.12.22 21:14:06 INFO  BSP server: 	at com.oracle.svm.core.jni.functions.JNIFunctions.ThrowNew(JNIFunctions.java:882)
2025.12.22 21:14:06 INFO  BSP server: 	at java.base@17.0.6/java.lang.ProcessImpl.create(ProcessImpl.java)
2025.12.22 21:14:06 INFO  BSP server: 	at java.base@17.0.6/java.lang.ProcessImpl.<init>(ProcessImpl.java:499)
2025.12.22 21:14:06 INFO  BSP server: 	at java.base@17.0.6/java.lang.ProcessImpl.start(ProcessImpl.java:158)
2025.12.22 21:14:06 INFO  BSP server: 	at java.base@17.0.6/java.lang.ProcessBuilder.start(ProcessBuilder.java:1110)
2025.12.22 21:14:06 INFO  BSP server: 	... 6 more
2025.12.22 21:14:06 INFO  BSP server: Error: java.io.IOException: Cannot run program "C:\Program Files\Eclipse Adoptium\jdk-11.0.29.7-hotspot\jdk-25\bin\java.exe" (in directory "C:\Users\DezerTear\Desktop\uni\progtech"): CreateProcess error=2, –ù–µ —É–¥–∞–µ—Ç—Å—è –Ω–∞–π—Ç–∏ —É–∫–∞–∑–∞–Ω–Ω—ã–π —Ñ–∞–π–ª
2025.12.22 21:14:06 INFO  BSP server: For more details, please see 'C:\Users\DezerTear\Desktop\uni\progtech\.scala-build\stacktraces\1766427246-2553772747341255893.log'
2025.12.22 21:14:06 INFO  BSP server: Exception in thread "subprocess-shutdown-hook" java.io.IOException: Cannot run program "C:\Program Files\Eclipse Adoptium\jdk-11.0.29.7-hotspot\jdk-25\bin\java.exe" (in directory "C:\Users\DezerTear\Desktop\uni\progtech"): CreateProcess error=2, –ù–µ —É–¥–∞–µ—Ç—Å—è –Ω–∞–π—Ç–∏ —É–∫–∞–∑–∞–Ω–Ω—ã–π —Ñ–∞–π–ª
2025.12.22 21:14:06 INFO  BSP server: 	at java.base@17.0.6/java.lang.ProcessBuilder.start(ProcessBuilder.java:1143)
2025.12.22 21:14:06 INFO  BSP server: 	at java.base@17.0.6/java.lang.ProcessBuilder.start(ProcessBuilder.java:1073)
2025.12.22 21:14:06 INFO  BSP server: 	at os.proc.proc$lzyINIT1$1(ProcessOps.scala:345)
2025.12.22 21:14:06 INFO  BSP server: 	at os.proc.os$proc$$_$proc$1(ProcessOps.scala:351)
2025.12.22 21:14:06 INFO  BSP server: 	at os.proc$$anon$1.run(ProcessOps.scala:329)
2025.12.22 21:14:06 INFO  BSP server: 	at com.oracle.svm.core.thread.PlatformThreads.threadStartRoutine(PlatformThreads.java:775)
2025.12.22 21:14:06 INFO  BSP server: 	at com.oracle.svm.core.windows.WindowsPlatformThreads.osThreadStartRoutine(WindowsPlatformThreads.java:178)
2025.12.22 21:14:06 INFO  BSP server: Caused by: java.io.IOException: CreateProcess error=2, –ù–µ —É–¥–∞–µ—Ç—Å—è –Ω–∞–π—Ç–∏ —É–∫–∞–∑–∞–Ω–Ω—ã–π —Ñ–∞–π–ª
2025.12.22 21:14:06 INFO  BSP server: 	at com.oracle.svm.core.jni.functions.JNIFunctions$NewObjectWithObjectArrayArgFunctionPointer.invoke(JNIFunctions.java)
2025.12.22 21:14:06 INFO  BSP server: 	at com.oracle.svm.core.jni.functions.JNIFunctions.ThrowNew(JNIFunctions.java:882)
2025.12.22 21:14:06 INFO  BSP server: 	at java.base@17.0.6/java.lang.ProcessImpl.create(ProcessImpl.java)
2025.12.22 21:14:06 INFO  BSP server: 	at java.base@17.0.6/java.lang.ProcessImpl.<init>(ProcessImpl.java:499)
2025.12.22 21:14:06 INFO  BSP server: 	at java.base@17.0.6/java.lang.ProcessImpl.start(ProcessImpl.java:158)
2025.12.22 21:14:06 INFO  BSP server: 	at java.base@17.0.6/java.lang.ProcessBuilder.start(ProcessBuilder.java:1110)
2025.12.22 21:14:06 INFO  BSP server: 	... 6 more
2025.12.22 21:15:04 ERROR Timeout waiting for 'build/initialize' response
2025.12.22 21:15:04 WARN  Retrying connection to the build server scala-cli
2025.12.22 21:15:04 INFO  Running BSP server List(C:\Users\DezerTear\AppData\Local\Coursier\data\bin\.scala-cli.aux.exe, bsp, --json-options, C:\Users\DezerTear\Desktop\uni\progtech\.scala-build\ide-options-v2.json, --json-launcher-options, C:\Users\DezerTear\Desktop\uni\progtech\.scala-build\ide-launcher-options.json, --envs-file, C:\Users\DezerTear\Desktop\uni\progtech\.scala-build\ide-envs.json, C:\Users\DezerTear\Desktop\uni\progtech)
2025.12.22 21:15:04 INFO  tracing is disabled for protocol BSP, to enable tracing of incoming and outgoing JSON messages create an empty file at C:\Users\DezerTear\Desktop\uni\progtech\.metals\bsp.trace.json or C:\Users\DezerTear\AppData\Local\scalameta\metals\cache\bsp.trace.json
2025.12.22 21:15:06 INFO  BSP server: Exception in thread "subprocess-shutdown-hook-monitor" java.io.IOException: Cannot run program "C:\Program Files\Eclipse Adoptium\jdk-11.0.29.7-hotspot\jdk-25\bin\java.exe" (in directory "C:\Users\DezerTear\Desktop\uni\progtech"): CreateProcess error=2, –ù–µ —É–¥–∞–µ—Ç—Å—è –Ω–∞–π—Ç–∏ —É–∫–∞–∑–∞–Ω–Ω—ã–π —Ñ–∞–π–ª
2025.12.22 21:15:06 INFO  BSP server: 	at java.base@17.0.6/java.lang.ProcessBuilder.start(ProcessBuilder.java:1143)
2025.12.22 21:15:06 INFO  BSP server: 	at java.base@17.0.6/java.lang.ProcessBuilder.start(ProcessBuilder.java:1073)
2025.12.22 21:15:06 INFO  BSP server: 	at os.proc.proc$lzyINIT1$1(ProcessOps.scala:345)
2025.12.22 21:15:06 INFO  BSP server: 	at os.proc.os$proc$$_$proc$1(ProcessOps.scala:351)
2025.12.22 21:15:06 INFO  BSP server: 	at os.proc$$anon$2.run(ProcessOps.scala:335)
2025.12.22 21:15:06 INFO  BSP server: 	at com.oracle.svm.core.thread.PlatformThreads.threadStartRoutine(PlatformThreads.java:775)
2025.12.22 21:15:06 INFO  BSP server: 	at com.oracle.svm.core.windows.WindowsPlatformThreads.osThreadStartRoutine(WindowsPlatformThreads.java:178)
2025.12.22 21:15:06 INFO  BSP server: Caused by: java.io.IOException: CreateProcess error=2, –ù–µ —É–¥–∞–µ—Ç—Å—è –Ω–∞–π—Ç–∏ —É–∫–∞–∑–∞–Ω–Ω—ã–π —Ñ–∞–π–ª
2025.12.22 21:15:06 INFO  BSP server: 	at com.oracle.svm.core.jni.functions.JNIFunctions$NewObjectWithObjectArrayArgFunctionPointer.invoke(JNIFunctions.java)
2025.12.22 21:15:06 INFO  BSP server: 	at com.oracle.svm.core.jni.functions.JNIFunctions.ThrowNew(JNIFunctions.java:882)
2025.12.22 21:15:06 INFO  BSP server: 	at java.base@17.0.6/java.lang.ProcessImpl.create(ProcessImpl.java)
2025.12.22 21:15:06 INFO  BSP server: 	at java.base@17.0.6/java.lang.ProcessImpl.<init>(ProcessImpl.java:499)
2025.12.22 21:15:06 INFO  BSP server: 	at java.base@17.0.6/java.lang.ProcessImpl.start(ProcessImpl.java:158)
2025.12.22 21:15:06 INFO  BSP server: 	at java.base@17.0.6/java.lang.ProcessBuilder.start(ProcessBuilder.java:1110)
2025.12.22 21:15:06 INFO  BSP server: 	... 6 more
2025.12.22 21:15:06 INFO  BSP server: Error: java.io.IOException: Cannot run program "C:\Program Files\Eclipse Adoptium\jdk-11.0.29.7-hotspot\jdk-25\bin\java.exe" (in directory "C:\Users\DezerTear\Desktop\uni\progtech"): CreateProcess error=2, –ù–µ —É–¥–∞–µ—Ç—Å—è –Ω–∞–π—Ç–∏ —É–∫–∞–∑–∞–Ω–Ω—ã–π —Ñ–∞–π–ª
2025.12.22 21:15:06 INFO  BSP server: For more details, please see 'C:\Users\DezerTear\Desktop\uni\progtech\.scala-build\stacktraces\1766427306-10675721157980484509.log'
2025.12.22 21:15:06 INFO  BSP server: Exception in thread "subprocess-shutdown-hook" java.io.IOException: Cannot run program "C:\Program Files\Eclipse Adoptium\jdk-11.0.29.7-hotspot\jdk-25\bin\java.exe" (in directory "C:\Users\DezerTear\Desktop\uni\progtech"): CreateProcess error=2, –ù–µ —É–¥–∞–µ—Ç—Å—è –Ω–∞–π—Ç–∏ —É–∫–∞–∑–∞–Ω–Ω—ã–π —Ñ–∞–π–ª
2025.12.22 21:15:06 INFO  BSP server: 	at java.base@17.0.6/java.lang.ProcessBuilder.start(ProcessBuilder.java:1143)
2025.12.22 21:15:06 INFO  BSP server: 	at java.base@17.0.6/java.lang.ProcessBuilder.start(ProcessBuilder.java:1073)
2025.12.22 21:15:06 INFO  BSP server: 	at os.proc.proc$lzyINIT1$1(ProcessOps.scala:345)
2025.12.22 21:15:06 INFO  BSP server: 	at os.proc.os$proc$$_$proc$1(ProcessOps.scala:351)
2025.12.22 21:15:06 INFO  BSP server: 	at os.proc$$anon$1.run(ProcessOps.scala:329)
2025.12.22 21:15:06 INFO  BSP server: 	at com.oracle.svm.core.thread.PlatformThreads.threadStartRoutine(PlatformThreads.java:775)
2025.12.22 21:15:06 INFO  BSP server: 	at com.oracle.svm.core.windows.WindowsPlatformThreads.osThreadStartRoutine(WindowsPlatformThreads.java:178)
2025.12.22 21:15:06 INFO  BSP server: Caused by: java.io.IOException: CreateProcess error=2, –ù–µ —É–¥–∞–µ—Ç—Å—è –Ω–∞–π—Ç–∏ —É–∫–∞–∑–∞–Ω–Ω—ã–π —Ñ–∞–π–ª
2025.12.22 21:15:06 INFO  BSP server: 	at com.oracle.svm.core.jni.functions.JNIFunctions$NewObjectWithObjectArrayArgFunctionPointer.invoke(JNIFunctions.java)
2025.12.22 21:15:06 INFO  BSP server: 	at com.oracle.svm.core.jni.functions.JNIFunctions.ThrowNew(JNIFunctions.java:882)
2025.12.22 21:15:06 INFO  BSP server: 	at java.base@17.0.6/java.lang.ProcessImpl.create(ProcessImpl.java)
2025.12.22 21:15:06 INFO  BSP server: 	at java.base@17.0.6/java.lang.ProcessImpl.<init>(ProcessImpl.java:499)
2025.12.22 21:15:06 INFO  BSP server: 	at java.base@17.0.6/java.lang.ProcessImpl.start(ProcessImpl.java:158)
2025.12.22 21:15:06 INFO  BSP server: 	at java.base@17.0.6/java.lang.ProcessBuilder.start(ProcessBuilder.java:1110)
2025.12.22 21:15:06 INFO  BSP server: 	... 6 more
2025.12.22 21:16:04 ERROR Timeout waiting for 'build/initialize' response
2025.12.22 21:16:04 ERROR Failed to connect with build server, no functionality will work.
java.util.concurrent.TimeoutException
	at java.util.concurrent.CompletableFuture.timedGet(CompletableFuture.java:1960)
	at java.util.concurrent.CompletableFuture.get(CompletableFuture.java:2095)
	at scala.meta.internal.metals.BuildServerConnection$.initialize(BuildServerConnection.scala:787)
	at scala.meta.internal.metals.BuildServerConnection$.$anonfun$fromSockets$1(BuildServerConnection.scala:658)
	at scala.concurrent.impl.Promise$Transformation.run(Promise.scala:500)
	at java.util.concurrent.ThreadPoolExecutor.runWorker(ThreadPoolExecutor.java:1136)
	at java.util.concurrent.ThreadPoolExecutor$Worker.run(ThreadPoolExecutor.java:635)
	at java.lang.Thread.run(Thread.java:840)

‰ÂÍ. 22, 2025 9:19:24 PM org.eclipse.lsp4j.jsonrpc.services.GenericEndpoint notify
INFO: Unsupported notification method: $/setTrace
‰ÂÍ. 22, 2025 9:19:24 PM org.eclipse.lsp4j.jsonrpc.services.GenericEndpoint notify
INFO: Unsupported notification method: $/setTrace
2025.12.22 21:19:33 INFO  Shutting down server
2025.12.22 21:19:33 INFO  shutting down Metals
2025.12.22 21:19:33 INFO  Exiting server
2025.12.22 21:19:42 INFO  Started: Metals version 1.6.4 in folders 'C:\Users\DezerTear\Desktop\uni\progtech' for client Visual Studio Code 1.107.1.
2025.12.22 21:19:43 WARN  Using H2 2.4.240 which is newer than the version Flyway has been verified with. The latest verified version of H2 is 2.3.232.
2025.12.22 21:19:43 INFO  Attempting to connect to the build server...
2025.12.22 21:19:43 INFO  Running BSP server List(C:\Users\DezerTear\AppData\Local\Coursier\data\bin\.scala-cli.aux.exe, bsp, --json-options, C:\Users\DezerTear\Desktop\uni\progtech\.scala-build\ide-options-v2.json, --json-launcher-options, C:\Users\DezerTear\Desktop\uni\progtech\.scala-build\ide-launcher-options.json, --envs-file, C:\Users\DezerTear\Desktop\uni\progtech\.scala-build\ide-envs.json, C:\Users\DezerTear\Desktop\uni\progtech)
2025.12.22 21:19:43 INFO  tracing is disabled for protocol BSP, to enable tracing of incoming and outgoing JSON messages create an empty file at C:\Users\DezerTear\Desktop\uni\progtech\.metals\bsp.trace.json or C:\Users\DezerTear\AppData\Local\scalameta\metals\cache\bsp.trace.json
2025.12.22 21:19:45 INFO  BSP server: Exception in thread "subprocess-shutdown-hook-monitor" java.io.IOException: Cannot run program "C:\Program Files\Eclipse Adoptium\jdk-11.0.29.7-hotspot\jdk-25\bin\java.exe" (in directory "C:\Users\DezerTear\Desktop\uni\progtech"): CreateProcess error=2, –ù–µ —É–¥–∞–µ—Ç—Å—è –Ω–∞–π—Ç–∏ —É–∫–∞–∑–∞–Ω–Ω—ã–π —Ñ–∞–π–ª
2025.12.22 21:19:45 INFO  BSP server: 	at java.base@17.0.6/java.lang.ProcessBuilder.start(ProcessBuilder.java:1143)
2025.12.22 21:19:45 INFO  BSP server: 	at java.base@17.0.6/java.lang.ProcessBuilder.start(ProcessBuilder.java:1073)
2025.12.22 21:19:45 INFO  BSP server: 	at os.proc.proc$lzyINIT1$1(ProcessOps.scala:345)
2025.12.22 21:19:45 INFO  BSP server: 	at os.proc.os$proc$$_$proc$1(ProcessOps.scala:351)
2025.12.22 21:19:45 INFO  BSP server: 	at os.proc$$anon$2.run(ProcessOps.scala:335)
2025.12.22 21:19:45 INFO  BSP server: 	at com.oracle.svm.core.thread.PlatformThreads.threadStartRoutine(PlatformThreads.java:775)
2025.12.22 21:19:45 INFO  BSP server: 	at com.oracle.svm.core.windows.WindowsPlatformThreads.osThreadStartRoutine(WindowsPlatformThreads.java:178)
2025.12.22 21:19:45 INFO  BSP server: Caused by: java.io.IOException: CreateProcess error=2, –ù–µ —É–¥–∞–µ—Ç—Å—è –Ω–∞–π—Ç–∏ —É–∫–∞–∑–∞–Ω–Ω—ã–π —Ñ–∞–π–ª
2025.12.22 21:19:45 INFO  BSP server: 	at com.oracle.svm.core.jni.functions.JNIFunctions$NewObjectWithObjectArrayArgFunctionPointer.invoke(JNIFunctions.java)
2025.12.22 21:19:45 INFO  BSP server: 	at com.oracle.svm.core.jni.functions.JNIFunctions.ThrowNew(JNIFunctions.java:882)
2025.12.22 21:19:45 INFO  BSP server: 	at java.base@17.0.6/java.lang.ProcessImpl.create(ProcessImpl.java)
2025.12.22 21:19:45 INFO  BSP server: 	at java.base@17.0.6/java.lang.ProcessImpl.<init>(ProcessImpl.java:499)
2025.12.22 21:19:45 INFO  BSP server: 	at java.base@17.0.6/java.lang.ProcessImpl.start(ProcessImpl.java:158)
2025.12.22 21:19:45 INFO  BSP server: 	at java.base@17.0.6/java.lang.ProcessBuilder.start(ProcessBuilder.java:1110)
2025.12.22 21:19:45 INFO  BSP server: 	... 6 more
2025.12.22 21:19:45 INFO  BSP server: Error: java.io.IOException: Cannot run program "C:\Program Files\Eclipse Adoptium\jdk-11.0.29.7-hotspot\jdk-25\bin\java.exe" (in directory "C:\Users\DezerTear\Desktop\uni\progtech"): CreateProcess error=2, –ù–µ —É–¥–∞–µ—Ç—Å—è –Ω–∞–π—Ç–∏ —É–∫–∞–∑–∞–Ω–Ω—ã–π —Ñ–∞–π–ª
2025.12.22 21:19:45 INFO  BSP server: For more details, please see 'C:\Users\DezerTear\Desktop\uni\progtech\.scala-build\stacktraces\1766427585-414929240041575229.log'
2025.12.22 21:19:45 INFO  BSP server: Exception in thread "subprocess-shutdown-hook" java.io.IOException: Cannot run program "C:\Program Files\Eclipse Adoptium\jdk-11.0.29.7-hotspot\jdk-25\bin\java.exe" (in directory "C:\Users\DezerTear\Desktop\uni\progtech"): CreateProcess error=2, –ù–µ —É–¥–∞–µ—Ç—Å—è –Ω–∞–π—Ç–∏ —É–∫–∞–∑–∞–Ω–Ω—ã–π —Ñ–∞–π–ª
2025.12.22 21:19:45 INFO  BSP server: 	at java.base@17.0.6/java.lang.ProcessBuilder.start(ProcessBuilder.java:1143)
2025.12.22 21:19:45 INFO  BSP server: 	at java.base@17.0.6/java.lang.ProcessBuilder.start(ProcessBuilder.java:1073)
2025.12.22 21:19:45 INFO  BSP server: 	at os.proc.proc$lzyINIT1$1(ProcessOps.scala:345)
2025.12.22 21:19:45 INFO  BSP server: 	at os.proc.os$proc$$_$proc$1(ProcessOps.scala:351)
2025.12.22 21:19:45 INFO  BSP server: 	at os.proc$$anon$1.run(ProcessOps.scala:329)
2025.12.22 21:19:45 INFO  BSP server: 	at com.oracle.svm.core.thread.PlatformThreads.threadStartRoutine(PlatformThreads.java:775)
2025.12.22 21:19:45 INFO  BSP server: 	at com.oracle.svm.core.windows.WindowsPlatformThreads.osThreadStartRoutine(WindowsPlatformThreads.java:178)
2025.12.22 21:19:45 INFO  BSP server: Caused by: java.io.IOException: CreateProcess error=2, –ù–µ —É–¥–∞–µ—Ç—Å—è –Ω–∞–π—Ç–∏ —É–∫–∞–∑–∞–Ω–Ω—ã–π —Ñ–∞–π–ª
2025.12.22 21:19:45 INFO  BSP server: 	at com.oracle.svm.core.jni.functions.JNIFunctions$NewObjectWithObjectArrayArgFunctionPointer.invoke(JNIFunctions.java)
2025.12.22 21:19:45 INFO  BSP server: 	at com.oracle.svm.core.jni.functions.JNIFunctions.ThrowNew(JNIFunctions.java:882)
2025.12.22 21:19:45 INFO  BSP server: 	at java.base@17.0.6/java.lang.ProcessImpl.create(ProcessImpl.java)
2025.12.22 21:19:45 INFO  BSP server: 	at java.base@17.0.6/java.lang.ProcessImpl.<init>(ProcessImpl.java:499)
2025.12.22 21:19:45 INFO  BSP server: 	at java.base@17.0.6/java.lang.ProcessImpl.start(ProcessImpl.java:158)
2025.12.22 21:19:45 INFO  BSP server: 	at java.base@17.0.6/java.lang.ProcessBuilder.start(ProcessBuilder.java:1110)
2025.12.22 21:19:45 INFO  BSP server: 	... 6 more
2025.12.22 21:20:43 ERROR Timeout waiting for 'build/initialize' response
2025.12.22 21:20:43 WARN  Retrying connection to the build server scala-cli
2025.12.22 21:20:43 INFO  Running BSP server List(C:\Users\DezerTear\AppData\Local\Coursier\data\bin\.scala-cli.aux.exe, bsp, --json-options, C:\Users\DezerTear\Desktop\uni\progtech\.scala-build\ide-options-v2.json, --json-launcher-options, C:\Users\DezerTear\Desktop\uni\progtech\.scala-build\ide-launcher-options.json, --envs-file, C:\Users\DezerTear\Desktop\uni\progtech\.scala-build\ide-envs.json, C:\Users\DezerTear\Desktop\uni\progtech)
2025.12.22 21:20:43 INFO  tracing is disabled for protocol BSP, to enable tracing of incoming and outgoing JSON messages create an empty file at C:\Users\DezerTear\Desktop\uni\progtech\.metals\bsp.trace.json or C:\Users\DezerTear\AppData\Local\scalameta\metals\cache\bsp.trace.json
2025.12.22 21:20:45 INFO  BSP server: Exception in thread "subprocess-shutdown-hook-monitor" java.io.IOException: Cannot run program "C:\Program Files\Eclipse Adoptium\jdk-11.0.29.7-hotspot\jdk-25\bin\java.exe" (in directory "C:\Users\DezerTear\Desktop\uni\progtech"): CreateProcess error=2, –ù–µ —É–¥–∞–µ—Ç—Å—è –Ω–∞–π—Ç–∏ —É–∫–∞–∑–∞–Ω–Ω—ã–π —Ñ–∞–π–ª
2025.12.22 21:20:45 INFO  BSP server: 	at java.base@17.0.6/java.lang.ProcessBuilder.start(ProcessBuilder.java:1143)
2025.12.22 21:20:45 INFO  BSP server: 	at java.base@17.0.6/java.lang.ProcessBuilder.start(ProcessBuilder.java:1073)
2025.12.22 21:20:45 INFO  BSP server: 	at os.proc.proc$lzyINIT1$1(ProcessOps.scala:345)
2025.12.22 21:20:45 INFO  BSP server: 	at os.proc.os$proc$$_$proc$1(ProcessOps.scala:351)
2025.12.22 21:20:45 INFO  BSP server: 	at os.proc$$anon$2.run(ProcessOps.scala:335)
2025.12.22 21:20:45 INFO  BSP server: 	at com.oracle.svm.core.thread.PlatformThreads.threadStartRoutine(PlatformThreads.java:775)
2025.12.22 21:20:45 INFO  BSP server: 	at com.oracle.svm.core.windows.WindowsPlatformThreads.osThreadStartRoutine(WindowsPlatformThreads.java:178)
2025.12.22 21:20:45 INFO  BSP server: Caused by: java.io.IOException: CreateProcess error=2, –ù–µ —É–¥–∞–µ—Ç—Å—è –Ω–∞–π—Ç–∏ —É–∫–∞–∑–∞–Ω–Ω—ã–π —Ñ–∞–π–ª
2025.12.22 21:20:45 INFO  BSP server: 	at com.oracle.svm.core.jni.functions.JNIFunctions$NewObjectWithObjectArrayArgFunctionPointer.invoke(JNIFunctions.java)
2025.12.22 21:20:45 INFO  BSP server: 	at com.oracle.svm.core.jni.functions.JNIFunctions.ThrowNew(JNIFunctions.java:882)
2025.12.22 21:20:45 INFO  BSP server: 	at java.base@17.0.6/java.lang.ProcessImpl.create(ProcessImpl.java)
2025.12.22 21:20:45 INFO  BSP server: 	at java.base@17.0.6/java.lang.ProcessImpl.<init>(ProcessImpl.java:499)
2025.12.22 21:20:45 INFO  BSP server: 	at java.base@17.0.6/java.lang.ProcessImpl.start(ProcessImpl.java:158)
2025.12.22 21:20:45 INFO  BSP server: 	at java.base@17.0.6/java.lang.ProcessBuilder.start(ProcessBuilder.java:1110)
2025.12.22 21:20:45 INFO  BSP server: 	... 6 more
2025.12.22 21:20:45 INFO  BSP server: Error: java.io.IOException: Cannot run program "C:\Program Files\Eclipse Adoptium\jdk-11.0.29.7-hotspot\jdk-25\bin\java.exe" (in directory "C:\Users\DezerTear\Desktop\uni\progtech"): CreateProcess error=2, –ù–µ —É–¥–∞–µ—Ç—Å—è –Ω–∞–π—Ç–∏ —É–∫–∞–∑–∞–Ω–Ω—ã–π —Ñ–∞–π–ª
2025.12.22 21:20:45 INFO  BSP server: For more details, please see 'C:\Users\DezerTear\Desktop\uni\progtech\.scala-build\stacktraces\1766427645-1275851120895576964.log'
2025.12.22 21:20:45 INFO  BSP server: Exception in thread "subprocess-shutdown-hook" java.io.IOException: Cannot run program "C:\Program Files\Eclipse Adoptium\jdk-11.0.29.7-hotspot\jdk-25\bin\java.exe" (in directory "C:\Users\DezerTear\Desktop\uni\progtech"): CreateProcess error=2, –ù–µ —É–¥–∞–µ—Ç—Å—è –Ω–∞–π—Ç–∏ —É–∫–∞–∑–∞–Ω–Ω—ã–π —Ñ–∞–π–ª
2025.12.22 21:20:45 INFO  BSP server: 	at java.base@17.0.6/java.lang.ProcessBuilder.start(ProcessBuilder.java:1143)
2025.12.22 21:20:45 INFO  BSP server: 	at java.base@17.0.6/java.lang.ProcessBuilder.start(ProcessBuilder.java:1073)
2025.12.22 21:20:45 INFO  BSP server: 	at os.proc.proc$lzyINIT1$1(ProcessOps.scala:345)
2025.12.22 21:20:45 INFO  BSP server: 	at os.proc.os$proc$$_$proc$1(ProcessOps.scala:351)
2025.12.22 21:20:45 INFO  BSP server: 	at os.proc$$anon$1.run(ProcessOps.scala:329)
2025.12.22 21:20:45 INFO  BSP server: 	at com.oracle.svm.core.thread.PlatformThreads.threadStartRoutine(PlatformThreads.java:775)
2025.12.22 21:20:45 INFO  BSP server: 	at com.oracle.svm.core.windows.WindowsPlatformThreads.osThreadStartRoutine(WindowsPlatformThreads.java:178)
2025.12.22 21:20:45 INFO  BSP server: Caused by: java.io.IOException: CreateProcess error=2, –ù–µ —É–¥–∞–µ—Ç—Å—è –Ω–∞–π—Ç–∏ —É–∫–∞–∑–∞–Ω–Ω—ã–π —Ñ–∞–π–ª
2025.12.22 21:20:45 INFO  BSP server: 	at com.oracle.svm.core.jni.functions.JNIFunctions$NewObjectWithObjectArrayArgFunctionPointer.invoke(JNIFunctions.java)
2025.12.22 21:20:45 INFO  BSP server: 	at com.oracle.svm.core.jni.functions.JNIFunctions.ThrowNew(JNIFunctions.java:882)
2025.12.22 21:20:45 INFO  BSP server: 	at java.base@17.0.6/java.lang.ProcessImpl.create(ProcessImpl.java)
2025.12.22 21:20:45 INFO  BSP server: 	at java.base@17.0.6/java.lang.ProcessImpl.<init>(ProcessImpl.java:499)
2025.12.22 21:20:45 INFO  BSP server: 	at java.base@17.0.6/java.lang.ProcessImpl.start(ProcessImpl.java:158)
2025.12.22 21:20:45 INFO  BSP server: 	at java.base@17.0.6/java.lang.ProcessBuilder.start(ProcessBuilder.java:1110)
2025.12.22 21:20:45 INFO  BSP server: 	... 6 more
2025.12.22 21:21:31 INFO  Shutting down server
2025.12.22 21:21:31 INFO  shutting down Metals
2025.12.22 21:21:31 INFO  Exiting server
